Log file open, 09/04/18 10:57:10
LogWindows: Failed to load 'aqProf.dll' (GetLastError=126)
LogWindows: File 'aqProf.dll' does not exist
LogWindows: Failed to load 'VtuneApi.dll' (GetLastError=126)
LogWindows: File 'VtuneApi.dll' does not exist
LogWindows: Failed to load 'VtuneApi32e.dll' (GetLastError=126)
LogWindows: File 'VtuneApi32e.dll' does not exist
LogInit: Display: Running engine for game: my_shmup_Hesi
LogPlatformFile: Not using cached read wrapper
LogInit: Display: RandInit(1790436459) SRandInit(1790436459).
LogInit: Read version file with build ID '3944462'
LogInit: Overriding engine version to CL 4033788, compatible CL 3944462
LogInit: Registered custom module enumerator with build ID '3944462'
LogTaskGraph: Started task graph with 5 named threads and 35 total threads with 3 sets of task threads.
LogStats: Stats thread started at 0.428161
LogD3D11RHI: Aftermath initialized
LogICUInternationalization: Display: ICU TimeZone Detection - Raw Offset: -8:00, Platform Override: ''
LogModuleManager: Display: Found up-to-date module file ../../../Engine/Plugins/2D/Paper2D/Binaries/Win64/UE4Editor-Paper2D.dll (API version 3944462).
LogModuleManager: Display: Found up-to-date module file ../../../Engine/Plugins/2D/Paper2D/Binaries/Win64/UE4Editor-Paper2DEditor.dll (API version 3944462).
LogModuleManager: Display: Found up-to-date module file ../../../Engine/Plugins/2D/Paper2D/Binaries/Win64/UE4Editor-PaperSpriteSheetImporter.dll (API version 3944462).
LogModuleManager: Display: Found up-to-date module file ../../../Engine/Plugins/2D/Paper2D/Binaries/Win64/UE4Editor-PaperTiledImporter.dll (API version 3944462).
LogModuleManager: Display: Found up-to-date module file ../../../Engine/Plugins/2D/Paper2D/Binaries/Win64/UE4Editor-SmartSnapping.dll (API version 3944462).
LogModuleManager: Display: Found up-to-date module file ../../../Engine/Plugins/Blendables/LightPropagationVolume/Binaries/Win64/UE4Editor-LightPropagationVolumeRuntime.dll (API version 3944462).
LogModuleManager: Display: Found up-to-date module file ../../../Engine/Plugins/Blendables/LightPropagationVolume/Binaries/Win64/UE4Editor-LightPropagationVolumeEditor.dll (API version 3944462).
LogModuleManager: Display: Found up-to-date module file ../../../Engine/Plugins/Developer/CLionSourceCodeAccess/Binaries/Win64/UE4Editor-CLionSourceCodeAccess.dll (API version 3944462).
LogModuleManager: Display: Found up-to-date module file ../../../Engine/Plugins/Developer/GitSourceControl/Binaries/Win64/UE4Editor-GitSourceControl.dll (API version 3944462).
LogModuleManager: Display: Found up-to-date module file ../../../Engine/Plugins/Developer/PerforceSourceControl/Binaries/Win64/UE4Editor-PerforceSourceControl.dll (API version 3944462).
LogModuleManager: Display: Found up-to-date module file ../../../Engine/Plugins/Developer/SubversionSourceControl/Binaries/Win64/UE4Editor-SubversionSourceControl.dll (API version 3944462).
LogModuleManager: Display: Found up-to-date module file ../../../Engine/Plugins/Developer/UObjectPlugin/Binaries/Win64/UE4Editor-UObjectPlugin.dll (API version 3944462).
LogModuleManager: Display: Found up-to-date module file ../../../Engine/Plugins/Developer/VisualStudioCodeSourceCodeAccess/Binaries/Win64/UE4Editor-VisualStudioCodeSourceCodeAccess.dll (API version 3944462).
LogModuleManager: Display: Found up-to-date module file ../../../Engine/Plugins/Developer/VisualStudioSourceCodeAccess/Binaries/Win64/UE4Editor-VisualStudioSourceCodeAccess.dll (API version 3944462).
LogModuleManager: Display: Found up-to-date module file ../../../Engine/Plugins/Editor/AssetManagerEditor/Binaries/Win64/UE4Editor-AssetManagerEditor.dll (API version 3944462).
LogModuleManager: Display: Found up-to-date module file ../../../Engine/Plugins/Editor/CryptoKeys/Binaries/Win64/UE4Editor-CryptoKeys.dll (API version 3944462).
LogModuleManager: Display: Found up-to-date module file ../../../Engine/Plugins/Editor/CryptoKeys/Binaries/Win64/UE4Editor-CryptoKeysOpenSSL.dll (API version 3944462).
LogModuleManager: Display: Found up-to-date module file ../../../Engine/Plugins/Editor/DataValidation/Binaries/Win64/UE4Editor-DataValidation.dll (API version 3944462).
LogModuleManager: Display: Found up-to-date module file ../../../Engine/Plugins/Editor/FacialAnimation/Binaries/Win64/UE4Editor-FacialAnimation.dll (API version 3944462).
LogModuleManager: Display: Found up-to-date module file ../../../Engine/Plugins/Editor/FacialAnimation/Binaries/Win64/UE4Editor-FacialAnimationEditor.dll (API version 3944462).
LogModuleManager: Display: Found up-to-date module file ../../../Engine/Plugins/Editor/GameplayTagsEditor/Binaries/Win64/UE4Editor-GameplayTagsEditor.dll (API version 3944462).
LogModuleManager: Display: Found up-to-date module file ../../../Engine/Plugins/Editor/MobileLauncherProfileWizard/Binaries/Win64/UE4Editor-MobileLauncherProfileWizard.dll (API version 3944462).
LogModuleManager: Display: Found up-to-date module file ../../../Engine/Plugins/Editor/PluginBrowser/Binaries/Win64/UE4Editor-PluginBrowser.dll (API version 3944462).
LogModuleManager: Display: Found up-to-date module file ../../../Engine/Plugins/Editor/SpeedTreeImporter/Binaries/Win64/UE4Editor-SpeedTreeImporter.dll (API version 3944462).
LogModuleManager: Display: Found up-to-date module file ../../../Engine/Plugins/Enterprise/DatasmithContent/Binaries/Win64/UE4Editor-DatasmithContent.dll (API version 3944462).
LogModuleManager: Display: Found up-to-date module file ../../../Engine/Plugins/Experimental/AlembicImporter/Binaries/Win64/UE4Editor-AlembicImporter.dll (API version 3944462).
LogModuleManager: Display: Found up-to-date module file ../../../Engine/Plugins/Experimental/AlembicImporter/Binaries/Win64/UE4Editor-AlembicLibrary.dll (API version 3944462).
LogModuleManager: Display: Found up-to-date module file ../../../Engine/Plugins/Experimental/CharacterAI/Binaries/Win64/UE4Editor-CharacterAI.dll (API version 3944462).
LogModuleManager: Display: Found up-to-date module file ../../../Engine/Plugins/Experimental/HTML5Networking/Binaries/Win64/UE4Editor-HTML5Networking.dll (API version 3944462).
LogModuleManager: Display: Found up-to-date module file ../../../Engine/Plugins/Media/AndroidMedia/Binaries/Win64/UE4Editor-AndroidMediaEditor.dll (API version 3944462).
LogModuleManager: Display: Found up-to-date module file ../../../Engine/Plugins/Media/AndroidMedia/Binaries/Win64/UE4Editor-AndroidMediaFactory.dll (API version 3944462).
LogModuleManager: Display: Found up-to-date module file ../../../Engine/Plugins/Media/AvfMedia/Binaries/Win64/UE4Editor-AvfMediaEditor.dll (API version 3944462).
LogModuleManager: Display: Found up-to-date module file ../../../Engine/Plugins/Media/AvfMedia/Binaries/Win64/UE4Editor-AvfMediaFactory.dll (API version 3944462).
LogModuleManager: Display: Found up-to-date module file ../../../Engine/Plugins/Media/AvfMedia/Binaries/Win64/UE4Editor-AvfMediaFactory.dll (API version 3944462).
LogModuleManager: Display: Found up-to-date module file ../../../Engine/Plugins/Media/ImgMedia/Binaries/Win64/UE4Editor-ImgMedia.dll (API version 3944462).
LogModuleManager: Display: Found up-to-date module file ../../../Engine/Plugins/Media/ImgMedia/Binaries/Win64/UE4Editor-ImgMediaEditor.dll (API version 3944462).
LogModuleManager: Display: Found up-to-date module file ../../../Engine/Plugins/Media/ImgMedia/Binaries/Win64/UE4Editor-ImgMediaFactory.dll (API version 3944462).
LogModuleManager: Display: Found up-to-date module file ../../../Engine/Plugins/Media/ImgMedia/Binaries/Win64/UE4Editor-ImgMediaFactory.dll (API version 3944462).
LogModuleManager: Display: Found up-to-date module file ../../../Engine/Plugins/Media/ImgMedia/Binaries/Win64/UE4Editor-OpenExrWrapper.dll (API version 3944462).
LogModuleManager: Display: Found up-to-date module file ../../../Engine/Plugins/Media/LinearTimecode/Binaries/Win64/UE4Editor-LinearTimecode.dll (API version 3944462).
LogModuleManager: Display: Found up-to-date module file ../../../Engine/Plugins/Media/MediaCompositing/Binaries/Win64/UE4Editor-MediaCompositing.dll (API version 3944462).
LogModuleManager: Display: Found up-to-date module file ../../../Engine/Plugins/Media/MediaCompositing/Binaries/Win64/UE4Editor-MediaCompositingEditor.dll (API version 3944462).
LogModuleManager: Display: Found up-to-date module file ../../../Engine/Plugins/Media/MediaPlayerEditor/Binaries/Win64/UE4Editor-MediaPlayerEditor.dll (API version 3944462).
LogModuleManager: Display: Found up-to-date module file ../../../Engine/Plugins/Media/WmfMedia/Binaries/Win64/UE4Editor-WmfMedia.dll (API version 3944462).
LogModuleManager: Display: Found up-to-date module file ../../../Engine/Plugins/Media/WmfMedia/Binaries/Win64/UE4Editor-WmfMediaEditor.dll (API version 3944462).
LogModuleManager: Display: Found up-to-date module file ../../../Engine/Plugins/Media/WmfMedia/Binaries/Win64/UE4Editor-WmfMediaFactory.dll (API version 3944462).
LogModuleManager: Display: Found up-to-date module file ../../../Engine/Plugins/Media/WmfMedia/Binaries/Win64/UE4Editor-WmfMediaFactory.dll (API version 3944462).
LogModuleManager: Display: Found up-to-date module file ../../../Engine/Plugins/Messaging/TcpMessaging/Binaries/Win64/UE4Editor-TcpMessaging.dll (API version 3944462).
LogModuleManager: Display: Found up-to-date module file ../../../Engine/Plugins/Messaging/UdpMessaging/Binaries/Win64/UE4Editor-UdpMessaging.dll (API version 3944462).
LogModuleManager: Display: Found up-to-date module file ../../../Engine/Plugins/MovieScene/ActorSequence/Binaries/Win64/UE4Editor-ActorSequence.dll (API version 3944462).
LogModuleManager: Display: Found up-to-date module file ../../../Engine/Plugins/MovieScene/LevelSequenceEditor/Binaries/Win64/UE4Editor-LevelSequenceEditor.dll (API version 3944462).
LogModuleManager: Display: Found up-to-date module file ../../../Engine/Plugins/MovieScene/MatineeToLevelSequence/Binaries/Win64/UE4Editor-MatineeToLevelSequence.dll (API version 3944462).
LogModuleManager: Display: Found up-to-date module file ../../../Engine/Plugins/NetcodeUnitTest/NetcodeUnitTest/Binaries/Win64/UE4Editor-NetcodeUnitTest.dll (API version 3944462).
LogModuleManager: Display: Found up-to-date module file ../../../Engine/Plugins/NetcodeUnitTest/NUTUnrealEngine4/Binaries/Win64/UE4Editor-NUTUnrealEngine4.dll (API version 3944462).
LogModuleManager: Display: Found up-to-date module file ../../../Engine/Plugins/Online/OnlineSubsystem/Binaries/Win64/UE4Editor-OnlineSubsystem.dll (API version 3944462).
LogModuleManager: Display: Found up-to-date module file ../../../Engine/Plugins/Runtime/AndroidPermission/Binaries/Win64/UE4Editor-AndroidPermission.dll (API version 3944462).
LogModuleManager: Display: Found up-to-date module file ../../../Engine/Plugins/Online/OnlineSubsystemNull/Binaries/Win64/UE4Editor-OnlineSubsystemNull.dll (API version 3944462).
LogModuleManager: Display: Found up-to-date module file ../../../Engine/Plugins/Online/OnlineSubsystemUtils/Binaries/Win64/UE4Editor-OnlineSubsystemUtils.dll (API version 3944462).
LogModuleManager: Display: Found up-to-date module file ../../../Engine/Plugins/Online/OnlineSubsystemUtils/Binaries/Win64/UE4Editor-OnlineBlueprintSupport.dll (API version 3944462).
LogModuleManager: Display: Found up-to-date module file ../../../Engine/Plugins/Runtime/AndroidDeviceProfileSelector/Binaries/Win64/UE4Editor-AndroidDeviceProfileSelector.dll (API version 3944462).
LogModuleManager: Display: Found up-to-date module file ../../../Engine/Plugins/Runtime/AppleARKit/Binaries/Win64/UE4Editor-AppleARKit.dll (API version 3944462).
LogModuleManager: Display: Found up-to-date module file ../../../Engine/Plugins/Runtime/ProceduralMeshComponent/Binaries/Win64/UE4Editor-ProceduralMeshComponent.dll (API version 3944462).
LogModuleManager: Display: Found up-to-date module file ../../../Engine/Plugins/Runtime/ProceduralMeshComponent/Binaries/Win64/UE4Editor-ProceduralMeshComponentEditor.dll (API version 3944462).
LogModuleManager: Display: Found up-to-date module file ../../../Engine/Plugins/Animation/LiveLink/Binaries/Win64/UE4Editor-LiveLink.dll (API version 3944462).
LogModuleManager: Display: Found up-to-date module file ../../../Engine/Plugins/Animation/LiveLink/Binaries/Win64/UE4Editor-LiveLinkEditor.dll (API version 3944462).
LogModuleManager: Display: Found up-to-date module file ../../../Engine/Plugins/Runtime/ArchVisCharacter/Binaries/Win64/UE4Editor-ArchVisCharacter.dll (API version 3944462).
LogModuleManager: Display: Found up-to-date module file ../../../Engine/Plugins/Runtime/AudioCapture/Binaries/Win64/UE4Editor-AudioCapture.dll (API version 3944462).
LogModuleManager: Display: Found up-to-date module file ../../../Engine/Plugins/Runtime/AudioCapture/Binaries/Win64/UE4Editor-AudioCaptureEditor.dll (API version 3944462).
LogModuleManager: Display: Found up-to-date module file ../../../Engine/Plugins/Runtime/CableComponent/Binaries/Win64/UE4Editor-CableComponent.dll (API version 3944462).
LogModuleManager: Display: Found up-to-date module file ../../../Engine/Plugins/Runtime/CustomMeshComponent/Binaries/Win64/UE4Editor-CustomMeshComponent.dll (API version 3944462).
LogModuleManager: Display: Found up-to-date module file ../../../Engine/Plugins/Runtime/ExampleDeviceProfileSelector/Binaries/Win64/UE4Editor-ExampleDeviceProfileSelector.dll (API version 3944462).
LogModuleManager: Display: Found up-to-date module file ../../../Engine/Plugins/Runtime/ImmediatePhysics/Binaries/Win64/UE4Editor-ImmediatePhysics.dll (API version 3944462).
LogModuleManager: Display: Found up-to-date module file ../../../Engine/Plugins/Runtime/ImmediatePhysics/Binaries/Win64/UE4Editor-ImmediatePhysicsEditor.dll (API version 3944462).
LogModuleManager: Display: Found up-to-date module file ../../../Engine/Plugins/Runtime/LocationServicesBPLibrary/Binaries/Win64/UE4Editor-LocationServicesBPLibrary.dll (API version 3944462).
LogModuleManager: Display: Found up-to-date module file ../../../Engine/Plugins/Runtime/MobilePatchingUtils/Binaries/Win64/UE4Editor-MobilePatchingUtils.dll (API version 3944462).
LogModuleManager: Display: Found up-to-date module file ../../../Engine/Plugins/Runtime/Oculus/OculusVR/Binaries/Win64/UE4Editor-OculusHMD.dll (API version 3944462).
LogModuleManager: Display: Found up-to-date module file ../../../Engine/Plugins/Runtime/Oculus/OculusVR/Binaries/Win64/UE4Editor-OculusInput.dll (API version 3944462).
LogModuleManager: Display: Found up-to-date module file ../../../Engine/Plugins/Runtime/Oculus/OculusVR/Binaries/Win64/UE4Editor-OculusEditor.dll (API version 3944462).
LogModuleManager: Display: Found up-to-date module file ../../../Engine/Plugins/Runtime/PhysXVehicles/Binaries/Win64/UE4Editor-PhysXVehicles.dll (API version 3944462).
LogModuleManager: Display: Found up-to-date module file ../../../Engine/Plugins/Runtime/PhysXVehicles/Binaries/Win64/UE4Editor-PhysXVehiclesEditor.dll (API version 3944462).
LogModuleManager: Display: Found up-to-date module file ../../../Engine/Plugins/Runtime/RuntimePhysXCooking/Binaries/Win64/UE4Editor-RuntimePhysXCooking.dll (API version 3944462).
LogModuleManager: Display: Found up-to-date module file ../../../Engine/Plugins/Runtime/Steam/SteamVR/Binaries/Win64/UE4Editor-SteamVR.dll (API version 3944462).
LogModuleManager: Display: Found up-to-date module file ../../../Engine/Plugins/Runtime/Steam/SteamVR/Binaries/Win64/UE4Editor-SteamVRController.dll (API version 3944462).
LogModuleManager: Display: Found up-to-date module file ../../../Engine/Plugins/Runtime/WindowsMoviePlayer/Binaries/Win64/UE4Editor-WindowsMoviePlayer.dll (API version 3944462).
LogPluginManager: Mounting plugin Paper2D
LogPluginManager: Mounting plugin LiveLink
LogPluginManager: Mounting plugin LightPropagationVolume
LogPluginManager: Mounting plugin CLionSourceCodeAccess
LogPluginManager: Mounting plugin CodeLiteSourceCodeAccess
LogPluginManager: Mounting plugin GitSourceControl
LogPluginManager: Mounting plugin KDevelopSourceCodeAccess
LogPluginManager: Mounting plugin NullSourceCodeAccess
LogPluginManager: Mounting plugin PerforceSourceControl
LogPluginManager: Mounting plugin SubversionSourceControl
LogPluginManager: Mounting plugin UObjectPlugin
LogPluginManager: Mounting plugin VisualStudioCodeSourceCodeAccess
LogPluginManager: Mounting plugin VisualStudioSourceCodeAccess
LogPluginManager: Mounting plugin XCodeSourceCodeAccess
LogPluginManager: Mounting plugin AssetManagerEditor
LogPluginManager: Mounting plugin CryptoKeys
LogPluginManager: Mounting plugin DataValidation
LogPluginManager: Mounting plugin FacialAnimation
LogPluginManager: Mounting plugin GameplayTagsEditor
LogPluginManager: Mounting plugin MobileLauncherProfileWizard
LogPluginManager: Mounting plugin PluginBrowser
LogPluginManager: Mounting plugin SpeedTreeImporter
LogPluginManager: Mounting plugin DatasmithContent
LogPluginManager: Mounting plugin AlembicImporter
LogPluginManager: Mounting plugin CharacterAI
LogPluginManager: Mounting plugin HTML5Networking
LogPluginManager: Mounting plugin AndroidMedia
LogPluginManager: Mounting plugin AvfMedia
LogPluginManager: Mounting plugin ImgMedia
LogPluginManager: Mounting plugin LinearTimecode
LogPluginManager: Mounting plugin MediaCompositing
LogPluginManager: Mounting plugin MediaPlayerEditor
LogPluginManager: Mounting plugin WmfMedia
LogPluginManager: Mounting plugin TcpMessaging
LogPluginManager: Mounting plugin UdpMessaging
LogPluginManager: Mounting plugin ActorSequence
LogPluginManager: Mounting plugin LevelSequenceEditor
LogPluginManager: Mounting plugin MatineeToLevelSequence
LogPluginManager: Mounting plugin NetcodeUnitTest
LogPluginManager: Mounting plugin NUTUnrealEngine4
LogPluginManager: Mounting plugin OnlineSubsystemGooglePlay
LogPluginManager: Mounting plugin OnlineSubsystemIOS
LogPluginManager: Mounting plugin OnlineSubsystem
LogPluginManager: Mounting plugin OnlineSubsystemNull
LogPluginManager: Mounting plugin OnlineSubsystemUtils
LogPluginManager: Mounting plugin AndroidDeviceProfileSelector
LogPluginManager: Mounting plugin AndroidMoviePlayer
LogPluginManager: Mounting plugin AndroidPermission
LogPluginManager: Mounting plugin AppleARKit
LogPluginManager: Mounting plugin AppleMoviePlayer
LogPluginManager: Mounting plugin ArchVisCharacter
LogPluginManager: Mounting plugin AudioCapture
LogPluginManager: Mounting plugin CableComponent
LogPluginManager: Mounting plugin CustomMeshComponent
LogPluginManager: Mounting plugin ExampleDeviceProfileSelector
LogPluginManager: Mounting plugin GoogleCloudMessaging
LogPluginManager: Mounting plugin ImmediatePhysics
LogPluginManager: Mounting plugin IOSDeviceProfileSelector
LogPluginManager: Mounting plugin LinuxDeviceProfileSelector
LogPluginManager: Mounting plugin LocationServicesBPLibrary
LogPluginManager: Mounting plugin MobilePatchingUtils
LogPluginManager: Mounting plugin OculusVR
LogPluginManager: Plugin shader directory ../../../Engine/Plugins/Runtime/Oculus/OculusVR/Shaders found
LogPluginManager: Mapping shader source directory ../../../Engine/Plugins/Runtime/Oculus/OculusVR/Shaders to virtual directory /Plugin/OculusVR
LogPluginManager: Mounting plugin PhysXVehicles
LogPluginManager: Mounting plugin ProceduralMeshComponent
LogPluginManager: Mounting plugin RuntimePhysXCooking
LogPluginManager: Mounting plugin SteamVR
LogPluginManager: Mounting plugin WindowsMoviePlayer
LogStreaming: Display: Took 12.135s to configure plugins.
LogInit: Using libcurl 7.47.1
LogInit:  - built for x86_64-pc-win32
LogInit:  - supports SSL with OpenSSL/1.0.2g
LogInit:  - supports HTTP deflate (compression) using libz 1.2.8
LogInit:  - other features:
LogInit:      CURL_VERSION_SSL
LogInit:      CURL_VERSION_LIBZ
LogInit:      CURL_VERSION_IPV6
LogInit:      CURL_VERSION_ASYNCHDNS
LogInit:      CURL_VERSION_LARGEFILE
LogInit:      CURL_VERSION_IDN
LogInit:  CurlRequestOptions (configurable via config and command line):
LogInit:  - bVerifyPeer = false  - Libcurl will NOT verify peer certificate
LogInit:  - bUseHttpProxy = false  - Libcurl will NOT use HTTP proxy
LogInit:  - bDontReuseConnections = false  - Libcurl will reuse connections
LogInit:  - CertBundlePath = nullptr  - Libcurl will use whatever was configured at build time.
LogInit:  - MaxHostConnections = 16  - Libcurl will limit the number of connections to a host
LogInit:  - LocalHostAddr = Default
LogInit: WinSock: version 1.1 (2.2), MaxSocks=32767, MaxUdp=65467
LogInit: WinSock: I am DESKTOP-A808GEO (192.168.0.3:0)
LogInit: Build: ++UE4+Release-4.19-CL-4033788
LogInit: Engine Version: 4.19.2-4033788+++UE4+Release-4.19
LogInit: Compatible Engine Version: 4.19.0-3944462+++UE4+Release-4.19
LogInit: Net CL: 3944462
LogDevObjectVersion: Number of dev versions registered: 18
LogDevObjectVersion:   Dev-Blueprints (B0D832E4-1F89-4F0D-ACCF-7EB736FD4AA2): 10
LogDevObjectVersion:   Dev-Build (E1C64328-A22C-4D53-A36C-8E866417BD8C): 0
LogDevObjectVersion:   Dev-Core (375EC13C-06E4-48FB-B500-84F0262A717E): 2
LogDevObjectVersion:   Dev-Editor (E4B068ED-F494-42E9-A231-DA0B2E46BB41): 23
LogDevObjectVersion:   Dev-Framework (CFFC743F-43B0-4480-9391-14DF171D2073): 33
LogDevObjectVersion:   Dev-Mobile (B02B49B5-BB20-44E9-A304-32B752E40360): 2
LogDevObjectVersion:   Dev-Networking (A4E4105C-59A1-49B5-A7C5-40C4547EDFEE): 0
LogDevObjectVersion:   Dev-Online (39C831C9-5AE6-47DC-9A44-9C173E1C8E7C): 0
LogDevObjectVersion:   Dev-Physics (78F01B33-EBEA-4F98-B9B4-84EACCB95AA2): 0
LogDevObjectVersion:   Dev-Platform (6631380F-2D4D-43E0-8009-CF276956A95A): 0
LogDevObjectVersion:   Dev-Rendering (12F88B9F-8875-4AFC-A67C-D90C383ABD29): 25
LogDevObjectVersion:   Dev-Sequencer (7B5AE74C-D270-4C10-A958-57980B212A5A): 6
LogDevObjectVersion:   Dev-VR (D7296918-1DD6-4BDD-9DE2-64A83CC13884): 1
LogDevObjectVersion:   Dev-LoadTimes (C2A15278-BFE7-4AFE-6C17-90FF531DF755): 1
LogDevObjectVersion:   Private-Geometry (6EACA3D4-40EC-4CC1-B786-8BED09428FC5): 2
LogDevObjectVersion:   Dev-AnimPhys (29E575DD-E0A3-4627-9D10-D276232CDCEA): 16
LogDevObjectVersion:   Dev-ReflectionCapture (6B266CEC-1EC7-4B8F-A30B-E4D90942FC07): 1
LogDevObjectVersion:   Dev-Automation (0DF73D61-A23F-47EA-B727-89E90C41499A): 1
LogInit: Compiled (64-bit): Apr 27 2018 02:06:57
LogInit: Compiled with Visual C++: 19.00.24215.01
LogInit: Build Configuration: Development
LogInit: Branch Name: ++UE4+Release-4.19
LogInit: Command Line: -EpicPortal 
LogInit: Base Directory: F:/Games/Epic/UE_4.19/Engine/Binaries/Win64/
LogInit: Installed Engine Build: 1
LogStreaming: Display: Took  0.000s to delete old logs.
LogInit: Presizing for max 8388607 objects, including 0 objects not considered by GC, pre-allocating 0 bytes for permanent pool.
LogInit: Object subsystem initialized
[2018.09.04-17.57.22:345][  0]LogInit: Selected Device Profile: [Windows]
[2018.09.04-17.57.22:345][  0]LogInit: Applying CVar settings loaded from the selected device profile: [Windows]
[2018.09.04-17.57.22:397][  0]LogInit: Computer: DESKTOP-A808GEO
[2018.09.04-17.57.22:397][  0]LogInit: User: Hesi
[2018.09.04-17.57.22:397][  0]LogInit: CPU Page size=4096, Cores=6
[2018.09.04-17.57.22:397][  0]LogInit: High frequency timer resolution =3.609379 MHz
[2018.09.04-17.57.22:398][  0]LogMemory: Memory total: Physical=15.9GB (16GB approx)
[2018.09.04-17.57.22:398][  0]LogMemory: Platform Memory Stats for Windows
[2018.09.04-17.57.22:398][  0]LogMemory: Process Physical Memory: 274.75 MB used, 274.75 MB peak
[2018.09.04-17.57.22:398][  0]LogMemory: Process Virtual Memory: 271.76 MB used, 271.76 MB peak
[2018.09.04-17.57.22:398][  0]LogMemory: Physical Memory: 13993.47 MB used,  2314.94 MB free, 16308.41 MB total
[2018.09.04-17.57.22:398][  0]LogMemory: Virtual Memory: 4811.14 MB used,  2314.94 MB free, 134217728.00 MB total
[2018.09.04-17.57.22:594][  0]LogInit: Using OS detected language (en-US).
[2018.09.04-17.57.22:594][  0]LogInit: Using OS detected locale (en-US).
[2018.09.04-17.57.22:597][  0]LogTextLocalizationManager: No specific localization for 'en-US' exists, so the 'en' localization will be used.
[2018.09.04-17.57.25:324][  0]LogStreaming: Display: Took  2.730s to EndInitTextLocalization.
[2018.09.04-17.57.25:324][  0]LogInit: Setting process to per monitor DPI aware
[2018.09.04-17.57.26:826][  0]LogSlate: New Slate User Created.  User Index 0, Is Virtual User: 0
[2018.09.04-17.57.26:827][  0]LogSlate: Slate User Registered.  User Index 0, Is Virtual User: 0
[2018.09.04-17.57.42:198][  0]LogD3D11RHI: D3D11 adapters:
[2018.09.04-17.57.42:302][  0]LogD3D11RHI:    0. 'NVIDIA GeForce GTX 1080' (Feature Level 11_0)
[2018.09.04-17.57.42:303][  0]LogD3D11RHI:       8079/0/8154 MB DedicatedVideo/DedicatedSystem/SharedSystem, Outputs:2, VendorId:0x10de
[2018.09.04-17.57.42:305][  0]LogD3D11RHI:    1. 'Microsoft Basic Render Driver' (Feature Level 11_0)
[2018.09.04-17.57.42:305][  0]LogD3D11RHI:       0/0/8154 MB DedicatedVideo/DedicatedSystem/SharedSystem, Outputs:0, VendorId:0x1414
[2018.09.04-17.57.42:305][  0]LogD3D11RHI: Chosen D3D11 Adapter: 0
[2018.09.04-17.57.42:324][  0]LogD3D11RHI: Creating new Direct3DDevice
[2018.09.04-17.57.42:324][  0]LogD3D11RHI:     GPU DeviceId: 0x1b80 (for the marketing name, search the web for "GPU Device Id")
[2018.09.04-17.57.42:324][  0]LogWindows: EnumDisplayDevices:
[2018.09.04-17.57.42:324][  0]LogWindows:    0. 'NVIDIA GeForce GTX 1080' (P:1 D:1)
[2018.09.04-17.57.42:324][  0]LogWindows:    1. 'NVIDIA GeForce GTX 1080' (P:0 D:1)
[2018.09.04-17.57.42:325][  0]LogWindows:    2. 'NVIDIA GeForce GTX 1080' (P:0 D:0)
[2018.09.04-17.57.42:325][  0]LogWindows:    3. 'NVIDIA GeForce GTX 1080' (P:0 D:0)
[2018.09.04-17.57.42:325][  0]LogWindows: DebugString: GetVideoDriverDetailsInvalid PrimaryIsNotTheChoosenAdapter GetVideoDriverDetailsInvalid PrimaryIsNotTheChoosenAdapter GetVideoDriverDetailsInvalid PrimaryIsNotTheChoosenAdapter GetVideoDriverDetailsInvalid PrimaryIsNotTheChoosenAdapter FoundDriverCount:0 
[2018.09.04-17.57.42:325][  0]LogD3D11RHI:     Adapter Name: NVIDIA GeForce GTX 1080
[2018.09.04-17.57.42:325][  0]LogD3D11RHI:   Driver Version: Unknown (internal:Unknown, unified:Unknown)
[2018.09.04-17.57.42:325][  0]LogD3D11RHI:      Driver Date: Unknown
[2018.09.04-17.57.42:325][  0]LogRHI: Texture pool is 5655 MB (70% of 8079 MB)
[2018.09.04-17.57.42:385][  0]LogD3D11RHI: [Aftermath] Aftermath enabled and primed
[2018.09.04-17.57.42:385][  0]LogD3D11RHI: [Aftermath] Aftermath enabled and primed
[2018.09.04-17.57.42:385][  0]LogD3D11RHI: Async texture creation enabled
[2018.09.04-17.57.42:434][  0]LogD3D11RHI: GPU Timing Frequency: 1000.000000 (Debug: 2 2)
[2018.09.04-17.57.42:602][  0]LogShaderCompilers: Guid format shader working directory is -9 characters bigger than the processId version (C:/Users/Hesi/Documents/Unreal Projects/my_shmup_Hesi/Intermediate/Shaders/WorkingDirectory/18252/).
[2018.09.04-17.57.42:602][  0]LogShaderCompilers: Cleaned the shader compiler working directory 'C:/Users/Hesi/AppData/Local/Temp/UnrealShaderWorkingDir/750DFACC41A359682A224E9679365380/'.
[2018.09.04-17.57.45:163][  0]LogTemp: Display: Loaded TP AllDesktopTargetPlatform
[2018.09.04-17.57.45:216][  0]LogTemp: Display: Loaded TP MacClientTargetPlatform
[2018.09.04-17.57.45:285][  0]LogTemp: Display: Loaded TP MacNoEditorTargetPlatform
[2018.09.04-17.57.45:335][  0]LogTemp: Display: Loaded TP MacServerTargetPlatform
[2018.09.04-17.57.45:427][  0]LogTemp: Display: Loaded TP MacTargetPlatform
[2018.09.04-17.57.45:469][  0]LogTemp: Display: Loaded TP WindowsClientTargetPlatform
[2018.09.04-17.57.45:512][  0]LogTemp: Display: Loaded TP WindowsNoEditorTargetPlatform
[2018.09.04-17.57.45:567][  0]LogTemp: Display: Loaded TP WindowsServerTargetPlatform
[2018.09.04-17.57.45:604][  0]LogTemp: Display: Loaded TP WindowsTargetPlatform
[2018.09.04-17.57.45:655][  0]LogTemp: Display: Loaded TP Android_ASTCTargetPlatform
[2018.09.04-17.57.45:724][  0]LogTemp: Display: Loaded TP Android_ATCTargetPlatform
[2018.09.04-17.57.45:760][  0]LogTemp: Display: Loaded TP Android_DXTTargetPlatform
[2018.09.04-17.57.45:802][  0]LogTemp: Display: Loaded TP Android_ETC1aTargetPlatform
[2018.09.04-17.57.45:854][  0]LogTemp: Display: Loaded TP Android_ETC1TargetPlatform
[2018.09.04-17.57.45:894][  0]LogTemp: Display: Loaded TP Android_ETC2TargetPlatform
[2018.09.04-17.57.46:005][  0]LogTemp: Display: Loaded TP Android_MultiTargetPlatform
[2018.09.04-17.57.46:005][  0]LogTemp: Display: Loaded TP Android_PVRTCTargetPlatform
[2018.09.04-17.57.46:069][  0]LogTemp: Display: Loaded TP AndroidTargetPlatform
[2018.09.04-17.57.46:100][  0]LogTemp: Display: Loaded TP HTML5TargetPlatform
[2018.09.04-17.57.46:307][  0]LogTemp: Display: Loaded TP IOSTargetPlatform
[2018.09.04-17.57.46:328][  0]LogTemp: Display: Loaded TP TVOSTargetPlatform
[2018.09.04-17.57.46:390][  0]LogTemp: Display: Loaded TP LinuxClientTargetPlatform
[2018.09.04-17.57.46:445][  0]LogTemp: Display: Loaded TP LinuxNoEditorTargetPlatform
[2018.09.04-17.57.46:503][  0]LogTemp: Display: Loaded TP LinuxServerTargetPlatform
[2018.09.04-17.57.46:701][  0]LogTemp: Display: Loaded TP LinuxTargetPlatform
[2018.09.04-17.57.46:701][  0]LogTargetPlatformManager: Display: Building Assets For Windows
[2018.09.04-17.57.49:311][  0]LogXGEController: Cannot use XGE Controller as Incredibuild is not installed on this machine.
[2018.09.04-17.57.49:311][  0]LogShaderCompilers: Cannot use XGE Shader Compiler as Incredibuild is not installed on this machine.
[2018.09.04-17.57.49:311][  0]LogShaderCompilers: Display: Using Local Shader Compiler.
[2018.09.04-17.57.58:409][  0]LogDerivedDataCache: Display: Max Cache Size: 512 MB
[2018.09.04-17.57.58:778][  0]LogDerivedDataCache: Loaded boot cache 0.37s 74MB C:/Users/Hesi/AppData/Local/UnrealEngine/4.19/DerivedDataCache/Boot.ddc.
[2018.09.04-17.57.58:778][  0]LogDerivedDataCache: Display: Loaded Boot cache: C:/Users/Hesi/AppData/Local/UnrealEngine/4.19/DerivedDataCache/Boot.ddc
[2018.09.04-17.57.58:778][  0]LogDerivedDataCache: FDerivedDataBackendGraph:  Pak pak cache file C:/Users/Hesi/Documents/Unreal Projects/my_shmup_Hesi/DerivedDataCache/DDC.ddp not found, will not use a pak cache.
[2018.09.04-17.57.58:779][  0]LogDerivedDataCache: Unable to find inner node Pak for hierarchical cache Hierarchy.
[2018.09.04-17.57.58:779][  0]LogDerivedDataCache: FDerivedDataBackendGraph:  CompressedPak pak cache file C:/Users/Hesi/Documents/Unreal Projects/my_shmup_Hesi/DerivedDataCache/Compressed.ddp not found, will not use a pak cache.
[2018.09.04-17.57.58:779][  0]LogDerivedDataCache: Unable to find inner node CompressedPak for hierarchical cache Hierarchy.
[2018.09.04-17.57.59:055][  0]LogDerivedDataCache: Display: Pak cache opened for reading ../../../Engine/DerivedDataCache/Compressed.ddp.
[2018.09.04-17.57.59:068][  0]LogDerivedDataCache: Using Local data cache path C:/Users/Hesi/AppData/Local/UnrealEngine/Common/DerivedDataCache: Writable
[2018.09.04-17.57.59:068][  0]LogDerivedDataCache: Shared data cache path not found in *engine.ini, will not use an Shared cache.
[2018.09.04-17.57.59:068][  0]LogDerivedDataCache: Unable to find inner node Shared for hierarchical cache Hierarchy.
[2018.09.04-17.57.59:083][  0]LogMaterial: Verifying Global Shaders for PCD3D_SM5
[2018.09.04-17.57.59:084][  0]LogSlate: Using Freetype 2.6.0
[2018.09.04-17.57.59:252][  0]LogSlate: SlateFontCache - WITH_FREETYPE: 1, WITH_HARFBUZZ: 1
[2018.09.04-17.57.59:253][  0]LogSlate: SlateFontCache - WITH_FREETYPE: 1, WITH_HARFBUZZ: 1
[2018.09.04-17.58.20:126][  0]LogAssetRegistry: FAssetRegistry took 0.0378 seconds to start up
[2018.09.04-17.58.25:275][  0]LogInit: Selected Device Profile: [Windows]
[2018.09.04-17.58.26:502][  0]LogSimplygon: Simplygon DLL not present - disabling.
[2018.09.04-17.58.26:687][  0]LogMeshReduction: Using SimplygonSwarm for distributed automatic mesh merging
[2018.09.04-17.58.26:688][  0]LogMeshReduction: Using QuadricMeshReduction for automatic static mesh reduction
[2018.09.04-17.58.26:688][  0]LogMeshReduction: No automatic skeletal mesh reduction module available
[2018.09.04-17.58.26:688][  0]LogMeshReduction: No automatic mesh merging module available
[2018.09.04-17.58.26:688][  0]LogMeshMerging: No automatic mesh merging module available
[2018.09.04-17.58.26:777][  0]LogNetVersion: my_shmup_Hesi , NetCL: 3944462, EngineNetVer: 2, GameNetVer: 0 (Checksum: 1922763221)
[2018.09.04-17.58.29:820][  0]LogPackageLocalizationCache: Processed 9 localized package path(s) for 2 prioritized culture(s) in 0.098178 seconds
[2018.09.04-17.58.29:825][  0]LogUObjectArray: 36728 objects as part of root set at end of initial load.
[2018.09.04-17.58.29:825][  0]LogUObjectAllocator: 7314312 out of 0 bytes used by permanent object pool.
[2018.09.04-17.58.29:825][  0]LogUObjectArray: CloseDisregardForGC: 0/0 objects in disregard for GC pool
[2018.09.04-17.59.54:375][  0]LogTcpMessaging: Initializing TcpMessaging bridge
[2018.09.04-17.59.54:558][  0]LogUdpMessaging: Initializing bridge on interface 0.0.0.0:0 to multicast group 230.0.0.1:6666.
[2018.09.04-17.59.57:836][  0]SourceControl: Source control is disabled
[2018.09.04-17.59.57:836][  0]SourceControl: Source control is disabled
[2018.09.04-17.59.58:001][  0]SourceControl: Source control is disabled
[2018.09.04-17.59.58:067][  0]SourceControl: Source control is disabled
[2018.09.04-17.59.59:933][  0]LogAndroidPermission: UAndroidPermissionCallbackProxy::GetInstance
[2018.09.04-18.00.00:476][  0]LogOcInput: OculusInput pre-init called
[2018.09.04-18.00.00:814][  0]LogEngine: Initializing Engine...
[2018.09.04-18.00.00:816][  0]LogHMD: Failed to initialize OpenVR with code 110
[2018.09.04-18.00.00:817][  0]LogStats: UGameplayTagsManager::ConstructGameplayTagTree: Construct from data asset -  0.000 s
[2018.09.04-18.00.00:817][  0]LogStats: UGameplayTagsManager::ConstructGameplayTagTree: GameplayTagTreeChangedEvent.Broadcast -  0.000 s
[2018.09.04-18.00.01:237][  0]LogAIModule: Creating AISystem for world Untitled
[2018.09.04-18.00.01:289][  0]LogInit: XAudio2 using 'Focusrite USB (Focusrite USB Audio)' : 2 channels at 48 kHz using 16 bits per sample (channel mask 0x3)
[2018.09.04-18.00.01:317][  0]LogInit: FAudioDevice initialized.
[2018.09.04-18.00.01:330][  0]LogDerivedDataCache: Error: Could not save memory cache C:/Users/Hesi/AppData/Local/UnrealEngine/4.19/DerivedDataCache/Boot.ddc.
[2018.09.04-18.00.01:344][  0]LogInit: Texture streaming: Enabled
[2018.09.04-18.00.01:500][  0]LogEngineSessionManager: EngineSessionManager initialized
[2018.09.04-18.00.01:720][  0]LogInit: Transaction tracking system initialized
[2018.09.04-18.00.02:327][  0]BlueprintLog: New page: Editor Load
[2018.09.04-18.00.03:660][  0]LocalizationService: Localization service is disabled
[2018.09.04-18.00.04:497][  0]LogConsoleResponse: Display: 
[2018.09.04-18.00.05:838][  0]LogFileCache: Scanning file cache for directory 'C:/Users/Hesi/Documents/Unreal Projects/my_shmup_Hesi/Content/' took 0.01s
[2018.09.04-18.00.05:838][  0]LogCook: Display: Max memory allowance for cook 16384mb min free memory 0mb
[2018.09.04-18.00.05:838][  0]LogCook: Display: Mobile HDR setting 1
[2018.09.04-18.00.05:838][  0]LogGameplayTags: Display: UGameplayTagsManager::DoneAddingNativeTags. DelegateIsBound: 0
[2018.09.04-18.00.05:838][  0]LogStats: UGameplayTagsManager::ConstructGameplayTagTree: Construct from data asset -  0.000 s
[2018.09.04-18.00.05:838][  0]LogStats: UGameplayTagsManager::ConstructGameplayTagTree: GameplayTagTreeChangedEvent.Broadcast -  0.000 s
[2018.09.04-18.00.09:692][  0]SourceControl: Source control is disabled
[2018.09.04-18.00.09:692][  0]Cmd: MAP LOAD FILE="../../../Engine/Content/Maps/Templates/Template_Default.umap" TEMPLATE=1 SHOWPROGRESS=1 FEATURELEVEL=3
[2018.09.04-18.00.09:693][  0]LightingResults: New page: Lighting Build
[2018.09.04-18.00.09:746][  0]MapCheck: New page: Map Check
[2018.09.04-18.00.09:746][  0]LightingResults: New page: Lighting Build
[2018.09.04-18.00.10:413][  0]LogAIModule: Creating AISystem for world Untitled_1
[2018.09.04-18.00.10:419][  0]LogEditorServer: Finished looking for orphan Actors (0.000 secs)
[2018.09.04-18.00.10:428][  0]Cmd: MAP CHECKDEP NOCLEARLOG
[2018.09.04-18.00.10:463][  0]MapCheck: Map check complete: 0 Error(s), 0 Warning(s), took 34.662ms to complete.
[2018.09.04-18.00.10:463][  0]LogFileHelpers: Loading map 'Template_Default' took 0.771
[2018.09.04-18.00.11:051][  0]LogCollectionManager: Loaded 0 collections in 0.000830 seconds
[2018.09.04-18.00.11:202][  0]LogFileCache: Scanning file cache for directory 'C:/Users/Hesi/Documents/Unreal Projects/my_shmup_Hesi/Saved/Collections/' took 0.01s
[2018.09.04-18.00.11:202][  0]LogFileCache: Scanning file cache for directory 'C:/Users/Hesi/Documents/Unreal Projects/my_shmup_Hesi/Content/Developers/Hesi/Collections/' took 0.01s
[2018.09.04-18.00.11:202][  0]LogFileCache: Scanning file cache for directory 'C:/Users/Hesi/Documents/Unreal Projects/my_shmup_Hesi/Content/Collections/' took 0.01s
[2018.09.04-18.00.11:202][  0]LogCollectionManager: Rebuilt the GUID cache for 0 collections in 0.000000 seconds
[2018.09.04-18.00.11:209][  0]LogContentBrowser: Native class hierarchy populated in 0.0073 seconds. Added 2452 classes and 558 folders.
[2018.09.04-18.00.11:498][  0]LogContentBrowser: Native class hierarchy updated for 'WidgetCarousel' in 0.0002 seconds. Added 0 classes and 0 folders.
[2018.09.04-18.00.15:666][  0]LogContentBrowser: Native class hierarchy updated for 'AddContentDialog' in 0.0002 seconds. Added 0 classes and 0 folders.
[2018.09.04-18.00.15:692][  0]LogContentBrowser: Native class hierarchy updated for 'SceneOutliner' in 0.0002 seconds. Added 1 classes and 2 folders.
[2018.09.04-18.00.15:709][  0]LogSlate: Took 0.000203 seconds to synchronously load lazily loaded font '../../../Engine/Content/Slate/Fonts/Roboto-Regular.ttf' (155K)
[2018.09.04-18.00.15:711][  0]LogSlate: Took 0.000186 seconds to synchronously load lazily loaded font '../../../Engine/Content/Slate/Fonts/Roboto-Bold.ttf' (160K)
[2018.09.04-18.00.15:799][  0]LogSlate: Took 0.081695 seconds to synchronously load lazily loaded font '../../../Engine/Content/Editor/Slate/Fonts/FontAwesome.ttf' (139K)
[2018.09.04-18.00.15:877][  0]LogRenderer: Reallocating scene render targets to support 1616x812 Format 10 NumSamples 1 (Frame:1).
[2018.09.04-18.00.16:053][  0]LogContentBrowser: Native class hierarchy updated for 'HierarchicalLODOutliner' in 0.0002 seconds. Added 0 classes and 0 folders.
[2018.09.04-18.00.16:053][  0]LogLoad: (Engine Initialization) Total time: 217.11 seconds
[2018.09.04-18.00.16:053][  0]LogLoad: (Engine Initialization) Total Blueprint compile time: 0.00 seconds
[2018.09.04-18.00.16:412][  0]LogAssetRegistry: Asset discovery search completed in 116.3080 seconds
[2018.09.04-18.00.16:413][  0]LogCollectionManager: Rebuilt the object cache for 0 collections in 0.000000 seconds (found 0 objects)
[2018.09.04-18.00.16:413][  0]LogCollectionManager: Fixed up redirectors for 0 collections in 0.000039 seconds (updated 0 objects)
[2018.09.04-18.00.16:417][  0]LogContentStreaming: Texture pool size now 1000 MB
[2018.09.04-18.01.17:390][183]LogSlate: FSceneViewport::OnFocusLost() reason 0
[2018.09.04-18.04.36:962][664]LogSlate: Took 0.000241 seconds to synchronously load lazily loaded font '../../../Engine/Content/Slate/Fonts/Roboto-Light.ttf' (167K)
[2018.09.04-18.05.53:751][915]LogTexture: Display: Building textures: T_sunflare (AutoDXT, 512X512)
[2018.09.04-18.05.53:751][915]LogMaterial: Missing cached shader map for material m_flare_03, compiling. 
[2018.09.04-18.05.53:957][915]LogShaderCompilers: Display: Shaders left to compile 27
[2018.09.04-18.05.53:957][915]LogShaderCompilers: Display: Shaders left to compile 17
[2018.09.04-18.05.53:957][915]LogShaderCompilers: Display: Shaders left to compile 7
[2018.09.04-18.05.56:635][205]LogMaterial: Missing cached shader map for material M_Pixel_Cube_Particle, compiling. 
[2018.09.04-18.05.56:719][205]LogShaderCompilers: Display: Shaders left to compile 88
[2018.09.04-18.05.56:719][205]LogShaderCompilers: Display: Shaders left to compile 78
[2018.09.04-18.05.56:719][205]LogShaderCompilers: Display: Shaders left to compile 68
[2018.09.04-18.05.56:719][205]LogShaderCompilers: Display: Shaders left to compile 58
[2018.09.04-18.05.56:719][205]LogShaderCompilers: Display: Shaders left to compile 48
[2018.09.04-18.05.58:451][205]LogShaderCompilers: Display: Shaders left to compile 38
[2018.09.04-18.05.58:451][205]LogShaderCompilers: Display: Shaders left to compile 28
[2018.09.04-18.05.58:451][205]LogShaderCompilers: Display: Shaders left to compile 18
[2018.09.04-18.05.58:508][205]Cmd: OBJ SAVEPACKAGE PACKAGE="/Game/Assets/Materials/m_flare_03" FILE="C:/Users/Hesi/Documents/Unreal Projects/my_shmup_Hesi/Content/Assets/Materials/m_flare_03.uasset" SILENT=true
[2018.09.04-18.05.58:528][205]LogSavePackage: Save=16.92ms
[2018.09.04-18.05.58:528][205]LogSavePackage: Moving 'C:/Users/Hesi/Documents/Unreal Projects/my_shmup_Hesi/Saved/m_flare_03D6D869E74B42BFFAA4A2ABBDA254547B.tmp' to 'C:/Users/Hesi/Documents/Unreal Projects/my_shmup_Hesi/Content/Assets/Materials/m_flare_03.uasset'
[2018.09.04-18.05.58:535][205]LogSavePackage: Display: Finished SavePackage C:/Users/Hesi/Documents/Unreal Projects/my_shmup_Hesi/Content/Assets/Materials/m_flare_03.uasset
[2018.09.04-18.05.58:829][205]LogSavePackage: Save=23.66ms
[2018.09.04-18.05.58:829][205]LogSavePackage: Moving 'C:/Users/Hesi/Documents/Unreal Projects/my_shmup_Hesi/Saved/P_Pixel_Explosion5F2C9510479C41C841BB2B905B2D3804.tmp' to 'C:/Users/Hesi/Documents/Unreal Projects/my_shmup_Hesi/Content/ExampleContent/Input_Examples/Effects/P_Pixel_Explosion.uasset'
[2018.09.04-18.05.58:830][205]LogSavePackage: Display: Finished SavePackage C:/Users/Hesi/Documents/Unreal Projects/my_shmup_Hesi/Content/ExampleContent/Input_Examples/Effects/P_Pixel_Explosion.uasset
[2018.09.04-18.05.58:879][205]LogSavePackage: Save=28.83ms
[2018.09.04-18.05.58:879][205]LogSavePackage: Moving 'C:/Users/Hesi/Documents/Unreal Projects/my_shmup_Hesi/Saved/P_Pixel_Explosion_Player32A1F491439C49B4820958AD27BBE313.tmp' to 'C:/Users/Hesi/Documents/Unreal Projects/my_shmup_Hesi/Content/ExampleContent/Input_Examples/Effects/P_Pixel_Explosion_Player.uasset'
[2018.09.04-18.05.58:881][205]LogSavePackage: Display: Finished SavePackage C:/Users/Hesi/Documents/Unreal Projects/my_shmup_Hesi/Content/ExampleContent/Input_Examples/Effects/P_Pixel_Explosion_Player.uasset
[2018.09.04-18.05.59:253][228]LogShaderCompilers: Display: Shaders left to compile 8
[2018.09.04-18.06.04:546][844]Cmd: OBJ SAVEPACKAGE PACKAGE="/Game/Assets/Textures/T_sunflare" FILE="C:/Users/Hesi/Documents/Unreal Projects/my_shmup_Hesi/Content/Assets/Textures/T_sunflare.uasset" SILENT=true
[2018.09.04-18.06.04:616][844]LogSavePackage: Save=68.56ms
[2018.09.04-18.06.04:616][844]LogSavePackage: Moving 'C:/Users/Hesi/Documents/Unreal Projects/my_shmup_Hesi/Saved/T_sunflareE2F07D094481C5FF991653937B51FAB0.tmp' to 'C:/Users/Hesi/Documents/Unreal Projects/my_shmup_Hesi/Content/Assets/Textures/T_sunflare.uasset'
[2018.09.04-18.06.04:618][844]LogSavePackage: Display: Finished SavePackage C:/Users/Hesi/Documents/Unreal Projects/my_shmup_Hesi/Content/Assets/Textures/T_sunflare.uasset
[2018.09.04-18.06.04:718][844]Cmd: OBJ SAVEPACKAGE PACKAGE="/Game/Assets/Materials/m_flare_03" FILE="C:/Users/Hesi/Documents/Unreal Projects/my_shmup_Hesi/Content/Assets/Materials/m_flare_03.uasset" SILENT=true
[2018.09.04-18.06.04:753][844]LogSavePackage: Save=5.94ms
[2018.09.04-18.06.04:753][844]LogSavePackage: Moving 'C:/Users/Hesi/Documents/Unreal Projects/my_shmup_Hesi/Saved/m_flare_0381128D064F778E9C28A5E5BB5E380779.tmp' to 'C:/Users/Hesi/Documents/Unreal Projects/my_shmup_Hesi/Content/Assets/Materials/m_flare_03.uasset'
[2018.09.04-18.06.04:754][844]LogSavePackage: Display: Finished SavePackage C:/Users/Hesi/Documents/Unreal Projects/my_shmup_Hesi/Content/Assets/Materials/m_flare_03.uasset
[2018.09.04-18.06.17:960][421]LogMaterial: Missing cached shader map for material M_Radial_Gradient, compiling. 
[2018.09.04-18.06.17:976][421]LogShaderCompilers: Display: Shaders left to compile 27
[2018.09.04-18.06.17:976][421]LogShaderCompilers: Display: Shaders left to compile 17
[2018.09.04-18.06.17:976][421]LogShaderCompilers: Display: Shaders left to compile 7
[2018.09.04-18.06.21:339][812]LogSavePackage: Save=24.39ms
[2018.09.04-18.06.21:339][812]LogSavePackage: Moving 'C:/Users/Hesi/Documents/Unreal Projects/my_shmup_Hesi/Saved/P_Pixel_Explosion_PlayerFB4219B940AED450CD26CBAB8BBB987F.tmp' to 'C:/Users/Hesi/Documents/Unreal Projects/my_shmup_Hesi/Content/Assets/Particles/P_Pixel_Explosion_Player.uasset'
[2018.09.04-18.06.21:342][812]LogSavePackage: Display: Finished SavePackage C:/Users/Hesi/Documents/Unreal Projects/my_shmup_Hesi/Content/Assets/Particles/P_Pixel_Explosion_Player.uasset
[2018.09.04-18.06.21:348][812]Cmd: OBJ SAVEPACKAGE PACKAGE="/Game/Assets/Particles/P_Pixel_Engine" FILE="C:/Users/Hesi/Documents/Unreal Projects/my_shmup_Hesi/Content/Assets/Particles/P_Pixel_Engine.uasset" SILENT=true
[2018.09.04-18.06.21:367][812]LogSavePackage: Save=17.07ms
[2018.09.04-18.06.21:367][812]LogSavePackage: Moving 'C:/Users/Hesi/Documents/Unreal Projects/my_shmup_Hesi/Saved/P_Pixel_EngineA6B4139D4472DA8F71135F81B0ED44C6.tmp' to 'C:/Users/Hesi/Documents/Unreal Projects/my_shmup_Hesi/Content/Assets/Particles/P_Pixel_Engine.uasset'
[2018.09.04-18.06.21:369][812]LogSavePackage: Display: Finished SavePackage C:/Users/Hesi/Documents/Unreal Projects/my_shmup_Hesi/Content/Assets/Particles/P_Pixel_Engine.uasset
[2018.09.04-18.06.21:379][812]Cmd: OBJ SAVEPACKAGE PACKAGE="/Game/Assets/Particles/P_Pixel_Explosion" FILE="C:/Users/Hesi/Documents/Unreal Projects/my_shmup_Hesi/Content/Assets/Particles/P_Pixel_Explosion.uasset" SILENT=true
[2018.09.04-18.06.21:402][812]LogSavePackage: Save=18.39ms
[2018.09.04-18.06.21:402][812]LogSavePackage: Moving 'C:/Users/Hesi/Documents/Unreal Projects/my_shmup_Hesi/Saved/P_Pixel_Explosion94E301234FE6615E10EA398FAB10E670.tmp' to 'C:/Users/Hesi/Documents/Unreal Projects/my_shmup_Hesi/Content/Assets/Particles/P_Pixel_Explosion.uasset'
[2018.09.04-18.06.21:405][812]LogSavePackage: Display: Finished SavePackage C:/Users/Hesi/Documents/Unreal Projects/my_shmup_Hesi/Content/Assets/Particles/P_Pixel_Explosion.uasset
[2018.09.04-18.06.26:085][351]LogMaterial: Missing cached shader map for material M_Pixel_Cube, compiling. 
[2018.09.04-18.06.26:138][351]LogShaderCompilers: Display: Shaders left to compile 31
[2018.09.04-18.06.26:138][351]LogShaderCompilers: Display: Shaders left to compile 21
[2018.09.04-18.06.26:138][351]LogShaderCompilers: Display: Shaders left to compile 11
[2018.09.04-18.06.26:138][351]LogShaderCompilers: Display: Shaders left to compile 1
[2018.09.04-18.06.29:911][798]LogStaticMesh: Building static mesh SM_Pixel_Cube...
[2018.09.04-18.06.29:952][798]LogStaticMesh: Built static mesh [0.04s] /Game/ExampleContent/Input_Examples/Meshes/SM_Pixel_Cube.SM_Pixel_Cube
[2018.09.04-18.06.29:970][798]LogStaticMesh: Building static mesh SM_Pixel_Player...
[2018.09.04-18.06.29:987][798]LogStaticMesh: Built static mesh [0.02s] /Game/ExampleContent/Input_Examples/Meshes/SM_Pixel_Player.SM_Pixel_Player
[2018.09.04-18.06.30:015][798]LogStaticMesh: Building static mesh SM_Pixel_Enemy_1...
[2018.09.04-18.06.30:035][798]LogStaticMesh: Built static mesh [0.02s] /Game/ExampleContent/Input_Examples/Meshes/SM_Pixel_Enemy_1.SM_Pixel_Enemy_1
[2018.09.04-18.06.30:126][798]Cmd: OBJ SAVEPACKAGE PACKAGE="/Game/Assets/Materials/M_Radial_Gradient" FILE="C:/Users/Hesi/Documents/Unreal Projects/my_shmup_Hesi/Content/Assets/Materials/M_Radial_Gradient.uasset" SILENT=true
[2018.09.04-18.06.30:142][798]LogSavePackage: Save=13.64ms
[2018.09.04-18.06.30:142][798]LogSavePackage: Moving 'C:/Users/Hesi/Documents/Unreal Projects/my_shmup_Hesi/Saved/M_Radial_Gradient3D09B02A42811B7B9417D78FE234496C.tmp' to 'C:/Users/Hesi/Documents/Unreal Projects/my_shmup_Hesi/Content/Assets/Materials/M_Radial_Gradient.uasset'
[2018.09.04-18.06.30:145][798]LogSavePackage: Display: Finished SavePackage C:/Users/Hesi/Documents/Unreal Projects/my_shmup_Hesi/Content/Assets/Materials/M_Radial_Gradient.uasset
[2018.09.04-18.06.30:177][798]Cmd: OBJ SAVEPACKAGE PACKAGE="/Game/Assets/Materials/M_Pixel_Cube" FILE="C:/Users/Hesi/Documents/Unreal Projects/my_shmup_Hesi/Content/Assets/Materials/M_Pixel_Cube.uasset" SILENT=true
[2018.09.04-18.06.30:199][798]LogSavePackage: Save=17.77ms
[2018.09.04-18.06.30:199][798]LogSavePackage: Moving 'C:/Users/Hesi/Documents/Unreal Projects/my_shmup_Hesi/Saved/M_Pixel_CubeDD5EBC24456D2DAFB7CA708CBD15D2CF.tmp' to 'C:/Users/Hesi/Documents/Unreal Projects/my_shmup_Hesi/Content/Assets/Materials/M_Pixel_Cube.uasset'
[2018.09.04-18.06.30:201][798]LogSavePackage: Display: Finished SavePackage C:/Users/Hesi/Documents/Unreal Projects/my_shmup_Hesi/Content/Assets/Materials/M_Pixel_Cube.uasset
[2018.09.04-18.06.30:215][798]Cmd: OBJ SAVEPACKAGE PACKAGE="/Game/Assets/Materials/M_Pixel_Cube_Blue_Inst" FILE="C:/Users/Hesi/Documents/Unreal Projects/my_shmup_Hesi/Content/Assets/Materials/M_Pixel_Cube_Blue_Inst.uasset" SILENT=true
[2018.09.04-18.06.30:231][798]LogSavePackage: Save=13.96ms
[2018.09.04-18.06.30:231][798]LogSavePackage: Moving 'C:/Users/Hesi/Documents/Unreal Projects/my_shmup_Hesi/Saved/M_Pixel_Cube_Blue_Inst0559CAD4408B34ADB93236B0A2E5490D.tmp' to 'C:/Users/Hesi/Documents/Unreal Projects/my_shmup_Hesi/Content/Assets/Materials/M_Pixel_Cube_Blue_Inst.uasset'
[2018.09.04-18.06.30:233][798]LogSavePackage: Display: Finished SavePackage C:/Users/Hesi/Documents/Unreal Projects/my_shmup_Hesi/Content/Assets/Materials/M_Pixel_Cube_Blue_Inst.uasset
[2018.09.04-18.06.30:263][798]LogSavePackage: Save=14.27ms
[2018.09.04-18.06.30:263][798]LogSavePackage: Moving 'C:/Users/Hesi/Documents/Unreal Projects/my_shmup_Hesi/Saved/M_Pixel_Cube_Enemy_2_Inst9D9076654184E1A6BA17E591B9FB24B6.tmp' to 'C:/Users/Hesi/Documents/Unreal Projects/my_shmup_Hesi/Content/Assets/Materials/M_Pixel_Cube_Enemy_2_Inst.uasset'
[2018.09.04-18.06.30:266][798]LogSavePackage: Display: Finished SavePackage C:/Users/Hesi/Documents/Unreal Projects/my_shmup_Hesi/Content/Assets/Materials/M_Pixel_Cube_Enemy_2_Inst.uasset
[2018.09.04-18.06.30:310][798]LogSavePackage: Save=14.78ms
[2018.09.04-18.06.30:310][798]LogSavePackage: Moving 'C:/Users/Hesi/Documents/Unreal Projects/my_shmup_Hesi/Saved/M_Pixel_Cube_Enemy_Inst5DF59FE44FB79FFD055478A3CF0CDEB2.tmp' to 'C:/Users/Hesi/Documents/Unreal Projects/my_shmup_Hesi/Content/Assets/Materials/M_Pixel_Cube_Enemy_Inst.uasset'
[2018.09.04-18.06.30:312][798]LogSavePackage: Display: Finished SavePackage C:/Users/Hesi/Documents/Unreal Projects/my_shmup_Hesi/Content/Assets/Materials/M_Pixel_Cube_Enemy_Inst.uasset
[2018.09.04-18.06.30:323][798]Cmd: OBJ SAVEPACKAGE PACKAGE="/Game/Assets/Materials/M_Pixel_Cube_Particle" FILE="C:/Users/Hesi/Documents/Unreal Projects/my_shmup_Hesi/Content/Assets/Materials/M_Pixel_Cube_Particle.uasset" SILENT=true
[2018.09.04-18.06.30:337][798]LogSavePackage: Save=12.04ms
[2018.09.04-18.06.30:337][798]LogSavePackage: Moving 'C:/Users/Hesi/Documents/Unreal Projects/my_shmup_Hesi/Saved/M_Pixel_Cube_ParticleBC7C1BF64F38B0DEA2C4FA8D80EEA59D.tmp' to 'C:/Users/Hesi/Documents/Unreal Projects/my_shmup_Hesi/Content/Assets/Materials/M_Pixel_Cube_Particle.uasset'
[2018.09.04-18.06.30:339][798]LogSavePackage: Display: Finished SavePackage C:/Users/Hesi/Documents/Unreal Projects/my_shmup_Hesi/Content/Assets/Materials/M_Pixel_Cube_Particle.uasset
[2018.09.04-18.06.30:589][798]Cmd: OBJ SAVEPACKAGE PACKAGE="/Game/Assets/Particles/P_Pixel_Engine" FILE="C:/Users/Hesi/Documents/Unreal Projects/my_shmup_Hesi/Content/Assets/Particles/P_Pixel_Engine.uasset" SILENT=true
[2018.09.04-18.06.30:608][798]LogSavePackage: Save=13.41ms
[2018.09.04-18.06.30:608][798]LogSavePackage: Moving 'C:/Users/Hesi/Documents/Unreal Projects/my_shmup_Hesi/Saved/P_Pixel_Engine43BC97BF4CAFDD95A8C191A4CA9E4716.tmp' to 'C:/Users/Hesi/Documents/Unreal Projects/my_shmup_Hesi/Content/Assets/Particles/P_Pixel_Engine.uasset'
[2018.09.04-18.06.30:610][798]LogSavePackage: Display: Finished SavePackage C:/Users/Hesi/Documents/Unreal Projects/my_shmup_Hesi/Content/Assets/Particles/P_Pixel_Engine.uasset
[2018.09.04-18.06.30:647][798]LogSavePackage: Save=13.43ms
[2018.09.04-18.06.30:648][798]LogSavePackage: Moving 'C:/Users/Hesi/Documents/Unreal Projects/my_shmup_Hesi/Saved/SM_Pixel_Cube13C6E65D409949CE881D928936DAB17E.tmp' to 'C:/Users/Hesi/Documents/Unreal Projects/my_shmup_Hesi/Content/ExampleContent/Input_Examples/Meshes/SM_Pixel_Cube.uasset'
[2018.09.04-18.06.30:649][798]LogSavePackage: Display: Finished SavePackage C:/Users/Hesi/Documents/Unreal Projects/my_shmup_Hesi/Content/ExampleContent/Input_Examples/Meshes/SM_Pixel_Cube.uasset
[2018.09.04-18.06.30:683][798]LogSavePackage: Save=13.58ms
[2018.09.04-18.06.30:683][798]LogSavePackage: Moving 'C:/Users/Hesi/Documents/Unreal Projects/my_shmup_Hesi/Saved/SM_Pixel_PlayerC24BE7484DC17A908868DFA8F6B5C144.tmp' to 'C:/Users/Hesi/Documents/Unreal Projects/my_shmup_Hesi/Content/ExampleContent/Input_Examples/Meshes/SM_Pixel_Player.uasset'
[2018.09.04-18.06.30:684][798]LogSavePackage: Display: Finished SavePackage C:/Users/Hesi/Documents/Unreal Projects/my_shmup_Hesi/Content/ExampleContent/Input_Examples/Meshes/SM_Pixel_Player.uasset
[2018.09.04-18.06.30:716][798]LogSavePackage: Save=13.19ms
[2018.09.04-18.06.30:716][798]LogSavePackage: Moving 'C:/Users/Hesi/Documents/Unreal Projects/my_shmup_Hesi/Saved/SM_Pixel_Enemy_10788EC4D49E564DC6862B1A3FFBD68B0.tmp' to 'C:/Users/Hesi/Documents/Unreal Projects/my_shmup_Hesi/Content/ExampleContent/Input_Examples/Meshes/SM_Pixel_Enemy_1.uasset'
[2018.09.04-18.06.30:717][798]LogSavePackage: Display: Finished SavePackage C:/Users/Hesi/Documents/Unreal Projects/my_shmup_Hesi/Content/ExampleContent/Input_Examples/Meshes/SM_Pixel_Enemy_1.uasset
[2018.09.04-18.06.30:739][798]LogSavePackage: Save=18.45ms
[2018.09.04-18.06.30:739][798]LogSavePackage: Moving 'C:/Users/Hesi/Documents/Unreal Projects/my_shmup_Hesi/Saved/P_Pixel_Explosion_Player785B7926430D7DE8FF57BDB1E5F655C2.tmp' to 'C:/Users/Hesi/Documents/Unreal Projects/my_shmup_Hesi/Content/Assets/Particles/P_Pixel_Explosion_Player.uasset'
[2018.09.04-18.06.30:741][798]LogSavePackage: Display: Finished SavePackage C:/Users/Hesi/Documents/Unreal Projects/my_shmup_Hesi/Content/Assets/Particles/P_Pixel_Explosion_Player.uasset
[2018.09.04-18.06.30:744][798]Cmd: OBJ SAVEPACKAGE PACKAGE="/Game/Assets/Particles/P_Pixel_Explosion" FILE="C:/Users/Hesi/Documents/Unreal Projects/my_shmup_Hesi/Content/Assets/Particles/P_Pixel_Explosion.uasset" SILENT=true
[2018.09.04-18.06.30:759][798]LogSavePackage: Save=12.44ms
[2018.09.04-18.06.30:759][798]LogSavePackage: Moving 'C:/Users/Hesi/Documents/Unreal Projects/my_shmup_Hesi/Saved/P_Pixel_ExplosionC5584D4147AF8CECD91D4691E42F4793.tmp' to 'C:/Users/Hesi/Documents/Unreal Projects/my_shmup_Hesi/Content/Assets/Particles/P_Pixel_Explosion.uasset'
[2018.09.04-18.06.30:760][798]LogSavePackage: Display: Finished SavePackage C:/Users/Hesi/Documents/Unreal Projects/my_shmup_Hesi/Content/Assets/Particles/P_Pixel_Explosion.uasset
[2018.09.04-18.06.37:264][561]Cmd: OBJ SAVEPACKAGE PACKAGE="/Game/Assets/Meshes/SM_Pixel_Player" FILE="C:/Users/Hesi/Documents/Unreal Projects/my_shmup_Hesi/Content/Assets/Meshes/SM_Pixel_Player.uasset" SILENT=true
[2018.09.04-18.06.37:280][561]LogSavePackage: Save=14.19ms
[2018.09.04-18.06.37:280][561]LogSavePackage: Moving 'C:/Users/Hesi/Documents/Unreal Projects/my_shmup_Hesi/Saved/SM_Pixel_PlayerE9398BE84376363239CBA98B0C19B54B.tmp' to 'C:/Users/Hesi/Documents/Unreal Projects/my_shmup_Hesi/Content/Assets/Meshes/SM_Pixel_Player.uasset'
[2018.09.04-18.06.37:282][561]LogSavePackage: Display: Finished SavePackage C:/Users/Hesi/Documents/Unreal Projects/my_shmup_Hesi/Content/Assets/Meshes/SM_Pixel_Player.uasset
[2018.09.04-18.06.37:294][561]Cmd: OBJ SAVEPACKAGE PACKAGE="/Game/Assets/Meshes/SM_Pixel_Cube" FILE="C:/Users/Hesi/Documents/Unreal Projects/my_shmup_Hesi/Content/Assets/Meshes/SM_Pixel_Cube.uasset" SILENT=true
[2018.09.04-18.06.37:309][561]LogSavePackage: Save=13.21ms
[2018.09.04-18.06.37:309][561]LogSavePackage: Moving 'C:/Users/Hesi/Documents/Unreal Projects/my_shmup_Hesi/Saved/SM_Pixel_Cube233D24A64290F64221F5C397198EE26E.tmp' to 'C:/Users/Hesi/Documents/Unreal Projects/my_shmup_Hesi/Content/Assets/Meshes/SM_Pixel_Cube.uasset'
[2018.09.04-18.06.37:312][561]LogSavePackage: Display: Finished SavePackage C:/Users/Hesi/Documents/Unreal Projects/my_shmup_Hesi/Content/Assets/Meshes/SM_Pixel_Cube.uasset
[2018.09.04-18.06.37:325][561]Cmd: OBJ SAVEPACKAGE PACKAGE="/Game/Assets/Meshes/SM_Pixel_Enemy_1" FILE="C:/Users/Hesi/Documents/Unreal Projects/my_shmup_Hesi/Content/Assets/Meshes/SM_Pixel_Enemy_1.uasset" SILENT=true
[2018.09.04-18.06.37:343][561]LogSavePackage: Save=14.04ms
[2018.09.04-18.06.37:343][561]LogSavePackage: Moving 'C:/Users/Hesi/Documents/Unreal Projects/my_shmup_Hesi/Saved/SM_Pixel_Enemy_13730078C4C35DDE8DE068188285081E9.tmp' to 'C:/Users/Hesi/Documents/Unreal Projects/my_shmup_Hesi/Content/Assets/Meshes/SM_Pixel_Enemy_1.uasset'
[2018.09.04-18.06.37:345][561]LogSavePackage: Display: Finished SavePackage C:/Users/Hesi/Documents/Unreal Projects/my_shmup_Hesi/Content/Assets/Meshes/SM_Pixel_Enemy_1.uasset
[2018.09.04-18.07.24:605][ 99]LogSlate: Window 'New Level' being destroyed
[2018.09.04-18.07.24:645][ 99]LightingResults: New page: Lighting Build
[2018.09.04-18.07.24:645][ 99]MapCheck: New page: Map Check
[2018.09.04-18.07.24:645][ 99]LightingResults: New page: Lighting Build
[2018.09.04-18.07.24:654][ 99]LogAIModule: Creating AISystem for world Untitled
[2018.09.04-18.07.24:657][ 99]LoadErrors: New page: New Map
[2018.09.04-18.07.44:619][661]LogSlate: Window 'Save Level As' being destroyed
[2018.09.04-18.07.45:075][661]Cmd: OBJ SAVEPACKAGE PACKAGE="/Game/Maps/Main" FILE="C:/Users/Hesi/Documents/Unreal Projects/my_shmup_Hesi/Content/Maps/Main.umap" SILENT=true AUTOSAVING=false KEEPDIRTY=false
[2018.09.04-18.07.45:098][661]LogSavePackage: Save=6.97ms
[2018.09.04-18.07.45:098][661]LogSavePackage: Moving 'C:/Users/Hesi/Documents/Unreal Projects/my_shmup_Hesi/Saved/Main1F86CDCF4DCC797FC36DD4B73D6EDF16.tmp' to 'C:/Users/Hesi/Documents/Unreal Projects/my_shmup_Hesi/Content/Maps/Main.umap'
[2018.09.04-18.07.45:099][661]LogSavePackage: Display: Finished SavePackage C:/Users/Hesi/Documents/Unreal Projects/my_shmup_Hesi/Content/Maps/Main.umap
[2018.09.04-18.07.45:131][661]LogFileHelpers: Saving map 'Main' took 0.507
[2018.09.04-18.07.49:080][120]LogEditorViewport: Clicking Background
[2018.09.04-18.07.53:902][691]LogSlate: FSceneViewport::OnFocusLost() reason 2
[2018.09.04-18.07.55:548][885]LogSlate: FSceneViewport::OnFocusLost() reason 2
[2018.09.04-18.07.59:581][885]LogTemp: Executing iPhonePackager certificates Engine -bundlename com.YourCompany.myshmupHesi
[2018.09.04-18.07.59:581][885]LogTemp: CWD: F:\Games\Epic\UE_4.19\Engine\Binaries\DotNET\IOS
[2018.09.04-18.07.59:581][885]LogTemp: Initial Dir: F:\Games\Epic\UE_4.19
[2018.09.04-18.07.59:581][885]LogTemp: Env CWD: F:\Games\Epic\UE_4.19\Engine\Binaries\DotNET\IOS
[2018.09.04-18.07.59:581][885]LogTemp: BranchPath = DESKTOP-A808GEO/F/Games/Epic/UE_4.19/Engine/Binaries --- GameBranchPath = DESKTOP-A808GEO/F/Games/Epic/UE_4.19/Engine/Binaries
[2018.09.04-18.07.59:581][885]LogSlate: Only BGRA pngs, bmps or icos are supported in by External Image Picker
[2018.09.04-18.07.59:849][885]LogTemp: IPP ERROR: Could not find provision directory 'C:\Users\Hesi\AppData\Local/Apple Computer/MobileDevice/Provisioning Profiles/'.
[2018.09.04-18.09.01:082][936]LogSlate: Window 'Project Settings' being destroyed
[2018.09.04-18.09.01:087][936]LogSlate: Window 'Project Settings' being destroyed
[2018.09.04-18.09.03:731][201]LogSlate: FSceneViewport::OnFocusLost() reason 0
[2018.09.04-18.09.28:433][528]LogSlate: Window 'Pick Parent Class' being destroyed
[2018.09.04-18.10.07:733][ 71]LogSlate: Only BGRA pngs, bmps or icos are supported in by External Image Picker
[2018.09.04-18.10.07:832][ 71]LogTemp: Executing iPhonePackager certificates Engine -bundlename com.YourCompany.myshmupHesi
[2018.09.04-18.10.07:832][ 71]LogTemp: CWD: F:\Games\Epic\UE_4.19\Engine\Binaries\DotNET\IOS
[2018.09.04-18.10.07:832][ 71]LogTemp: Initial Dir: F:\Games\Epic\UE_4.19
[2018.09.04-18.10.07:832][ 71]LogTemp: Env CWD: F:\Games\Epic\UE_4.19\Engine\Binaries\DotNET\IOS
[2018.09.04-18.10.07:832][ 71]LogTemp: BranchPath = DESKTOP-A808GEO/F/Games/Epic/UE_4.19/Engine/Binaries --- GameBranchPath = DESKTOP-A808GEO/F/Games/Epic/UE_4.19/Engine/Binaries
[2018.09.04-18.10.07:832][ 71]LogTemp: IPP ERROR: Could not find provision directory 'C:\Users\Hesi\AppData\Local/Apple Computer/MobileDevice/Provisioning Profiles/'.
[2018.09.04-18.10.19:507][397]LogSlate: Prevented a slow task dialog from being summoned while a context menu was open
[2018.09.04-18.10.29:442][575]LogSlate: Window 'Project Settings' being destroyed
[2018.09.04-18.10.29:448][575]LogSlate: Window 'Project Settings' being destroyed
[2018.09.04-18.10.31:524][765]Cmd: OBJ SAVEPACKAGE PACKAGE="/Game/Blueprints/BP_GameMode" FILE="C:/Users/Hesi/Documents/Unreal Projects/my_shmup_Hesi/Content/Blueprints/BP_GameMode.uasset" SILENT=true
[2018.09.04-18.10.31:560][765]LogSavePackage: Save=35.15ms
[2018.09.04-18.10.31:560][765]LogSavePackage: Moving 'C:/Users/Hesi/Documents/Unreal Projects/my_shmup_Hesi/Saved/BP_GameMode47525270497574C19410679A59EA433D.tmp' to 'C:/Users/Hesi/Documents/Unreal Projects/my_shmup_Hesi/Content/Blueprints/BP_GameMode.uasset'
[2018.09.04-18.10.31:562][765]LogSavePackage: Display: Finished SavePackage C:/Users/Hesi/Documents/Unreal Projects/my_shmup_Hesi/Content/Blueprints/BP_GameMode.uasset
[2018.09.04-18.11.19:601][814]LogSlate: Window 'Pick Parent Class' being destroyed
[2018.09.04-18.13.20:867][597]LogSlate: Window 'Editor Preferences' being destroyed
[2018.09.04-18.13.20:873][597]LogSlate: Window 'Editor Preferences' being destroyed
[2018.09.04-18.13.23:231][675]LogContentBrowser: Native class hierarchy updated for 'BlueprintGraph' in 0.0021 seconds. Added 116 classes and 0 folders.
[2018.09.04-18.13.23:819][675]LogUObjectGlobals: Created PersistentFrame Addr=0x000001c68c6cc6b8, Size=4, Default__SKEL_PROTO_BP_AnimBlueprint_0_C Function /Engine/Transient.SKEL_PROTO_BP_AnimBlueprint_0_C:ExecuteUbergraph_PROTO_BP_AnimBlueprint_0
[2018.09.04-18.13.23:831][675]LogUObjectGlobals: Created PersistentFrame Addr=0x000001c68c6cc6b0, Size=4, Default__PROTO_BP_AnimBlueprint_0_C Function /Engine/Transient.PROTO_BP_AnimBlueprint_0_C:ExecuteUbergraph_PROTO_BP_AnimBlueprint_0
[2018.09.04-18.13.25:624][676]LogRenderer: Reallocating scene render targets to support 1664x1260 Format 10 NumSamples 1 (Frame:1).
[2018.09.04-18.13.26:621][777]LogSlate: Took 0.033457 seconds to synchronously load lazily loaded font '../../../Engine/Content/Slate/Fonts/Roboto-Italic.ttf' (157K)
[2018.09.04-18.14.32:223][512]LogSlate: FSceneViewport::OnFocusLost() reason 2
[2018.09.04-18.14.42:201][655]LogSlate: FSceneViewport::OnFocusLost() reason 2
[2018.09.04-18.14.48:959][ 62]LogEditorTransaction: Undo Add Component
[2018.09.04-18.14.49:960][172]LogSlate: FSceneViewport::OnFocusLost() reason 0
[2018.09.04-18.15.14:201][702]LogSlate: FSceneViewport::OnFocusLost() reason 0
[2018.09.04-18.15.50:445][ 16]LogSlate: FSceneViewport::OnFocusLost() reason 0
[2018.09.04-18.16.13:000][609]BlueprintLog: New page: Compile BP_Player
[2018.09.04-18.16.28:854][387]LogSlate: Took 0.027100 seconds to synchronously load lazily loaded font '../../../Engine/Content/Slate/Fonts/Roboto-BoldCondensedItalic.ttf' (160K)
[2018.09.04-18.16.36:227][260]BlueprintLog: New page: Compile BP_Player
[2018.09.04-18.18.47:357][806]LogClass: Warning: Type mismatch in BP_GameMode of SKEL_BP_Player_C - Previous (StructProperty) Current(ObjectProperty) for package:  FObjectReader
[2018.09.04-18.18.53:069][439]BlueprintLog: New page: Compile BP_Player
[2018.09.04-18.19.13:307][446]LogSlate: Only BGRA pngs, bmps or icos are supported in by External Image Picker
[2018.09.04-18.19.13:423][446]LogTemp: Executing iPhonePackager certificates Engine -bundlename com.YourCompany.myshmupHesi
[2018.09.04-18.19.13:423][446]LogTemp: CWD: F:\Games\Epic\UE_4.19\Engine\Binaries\DotNET\IOS
[2018.09.04-18.19.13:423][446]LogTemp: Initial Dir: F:\Games\Epic\UE_4.19
[2018.09.04-18.19.13:423][446]LogTemp: Env CWD: F:\Games\Epic\UE_4.19\Engine\Binaries\DotNET\IOS
[2018.09.04-18.19.13:423][446]LogTemp: BranchPath = DESKTOP-A808GEO/F/Games/Epic/UE_4.19/Engine/Binaries --- GameBranchPath = DESKTOP-A808GEO/F/Games/Epic/UE_4.19/Engine/Binaries
[2018.09.04-18.19.13:423][446]LogTemp: IPP ERROR: Could not find provision directory 'C:\Users\Hesi\AppData\Local/Apple Computer/MobileDevice/Provisioning Profiles/'.
[2018.09.04-18.19.16:009][686]LogSlate: Window 'Project Settings' being destroyed
[2018.09.04-18.21.04:135][271]Cmd: TRANSACTION UNDO
[2018.09.04-18.21.04:135][271]LogEditorTransaction: Undo Add Axis Mapping
[2018.09.04-18.22.49:693][127]Cmd: OBJ SAVEPACKAGE PACKAGE="/Game/Blueprints/BP_Player" FILE="C:/Users/Hesi/Documents/Unreal Projects/my_shmup_Hesi/Content/Blueprints/BP_Player.uasset" SILENT=true
[2018.09.04-18.22.50:098][127]LogSavePackage: Save=403.64ms
[2018.09.04-18.22.50:098][127]LogSavePackage: Moving 'C:/Users/Hesi/Documents/Unreal Projects/my_shmup_Hesi/Saved/BP_PlayerF1A5A4BA49B8BC572425F2B3E999790E.tmp' to 'C:/Users/Hesi/Documents/Unreal Projects/my_shmup_Hesi/Content/Blueprints/BP_Player.uasset'
[2018.09.04-18.22.50:101][127]LogSavePackage: Display: Finished SavePackage C:/Users/Hesi/Documents/Unreal Projects/my_shmup_Hesi/Content/Blueprints/BP_Player.uasset
[2018.09.04-18.23.47:593][797]LogEditorViewport: Clicking Background
[2018.09.04-18.23.50:961][184]LogSlate: FSceneViewport::OnFocusLost() reason 0
[2018.09.04-18.24.12:196][724]LogSlate: FSceneViewport::OnFocusLost() reason 0
[2018.09.04-18.24.12:669][724]LogSlate: Took 0.033844 seconds to synchronously load lazily loaded font '../../../Engine/Content/Slate/Fonts/Roboto-BoldCondensed.ttf' (158K)
[2018.09.04-18.27.24:232][218]LogFileHelpers: Editor autosave (incl. sublevels) for '/Game/Maps/Main' took 0.014
[2018.09.04-18.27.24:637][218]OBJ SavePackage: Generating thumbnails for [1] asset(s) in package [/Game/Blueprints/BP_Player] ([1] browsable assets)...
[2018.09.04-18.27.24:651][218]OBJ SavePackage:     Rendered thumbnail for [Blueprint /Game/Blueprints/BP_Player.BP_Player]
[2018.09.04-18.27.24:651][218]OBJ SavePackage: Finished generating thumbnails for package [/Game/Blueprints/BP_Player]
[2018.09.04-18.27.24:651][218]Cmd: OBJ SAVEPACKAGE PACKAGE="/Game/Blueprints/BP_Player" FILE="C:/Users/Hesi/Documents/Unreal Projects/my_shmup_Hesi/Saved/Autosaves/Game/Blueprints/BP_Player_Auto1.uasset" SILENT=false AUTOSAVING=true
[2018.09.04-18.27.24:680][218]LogSavePackage: Save=21.78ms
[2018.09.04-18.27.24:680][218]LogSavePackage: Moving 'C:/Users/Hesi/Documents/Unreal Projects/my_shmup_Hesi/Saved/BP_Player_Auto1C6E173AF47318916803E9CA2DCF2FE38.tmp' to 'C:/Users/Hesi/Documents/Unreal Projects/my_shmup_Hesi/Saved/Autosaves/Game/Blueprints/BP_Player_Auto1.uasset'
[2018.09.04-18.27.24:681][218]LogSavePackage: Display: Finished SavePackage C:/Users/Hesi/Documents/Unreal Projects/my_shmup_Hesi/Saved/Autosaves/Game/Blueprints/BP_Player_Auto1.uasset
[2018.09.04-18.27.24:681][218]LogFileHelpers: Auto-saving content packages took 0.448
[2018.09.04-18.28.41:759][160]LogUObjectGlobals: Created PersistentFrame Addr=0x000001c72fe4d2c8, Size=4, Default__SKEL_BP_Player_C Function /Game/Blueprints/BP_Player.SKEL_BP_Player_C:ExecuteUbergraph_BP_Player
[2018.09.04-18.28.41:779][160]LogUObjectGlobals: Destroyed PersistentFrame Addr=0x000001c72fe4d2c8, Size=4
[2018.09.04-18.28.41:779][160]LogUObjectGlobals: Created PersistentFrame Addr=0x000001c72fe4d2c8, Size=4, Default__SKEL_BP_Player_C Function /Engine/Transient.REINST_SKEL_BP_Player_C_103:ExecuteUbergraph_BP_Player
[2018.09.04-18.28.41:780][160]LogUObjectGlobals: Created PersistentFrame Addr=0x000001c72fe4c9b8, Size=4, Default__SKEL_BP_Player_C Function /Game/Blueprints/BP_Player.SKEL_BP_Player_C:ExecuteUbergraph_BP_Player
[2018.09.04-18.28.48:775][986]LogUObjectGlobals: Destroyed PersistentFrame Addr=0x000001c72fe4c9b8, Size=4
[2018.09.04-18.28.48:775][986]LogUObjectGlobals: Created PersistentFrame Addr=0x000001c68c6327b0, Size=4, Default__SKEL_BP_Player_C Function /Engine/Transient.REINST_SKEL_BP_Player_C_105:ExecuteUbergraph_BP_Player
[2018.09.04-18.28.48:777][986]LogUObjectGlobals: Created PersistentFrame Addr=0x000001c7223934b0, Size=4, Default__SKEL_BP_Player_C Function /Game/Blueprints/BP_Player.SKEL_BP_Player_C:ExecuteUbergraph_BP_Player
[2018.09.04-18.32.34:099][720]LogEditorTransaction: Undo Create Pin Link
[2018.09.04-18.32.35:449][881]LogEditorTransaction: Undo Create Pin Link
[2018.09.04-18.32.36:157][966]LogEditorTransaction: Undo Create Pin Link
[2018.09.04-18.32.36:974][ 64]LogEditorTransaction: Undo Create Pin Link
[2018.09.04-18.32.38:166][207]LogEditorTransaction: Undo Create Pin Link
[2018.09.04-18.32.38:782][281]LogEditorTransaction: Undo Create Pin Link
[2018.09.04-18.32.39:416][357]LogEditorTransaction: Undo Create Reroute Node
[2018.09.04-18.32.39:417][357]LogUObjectGlobals: Destroyed PersistentFrame Addr=0x000001c7223934b0, Size=4
[2018.09.04-18.32.39:417][357]LogUObjectGlobals: Created PersistentFrame Addr=0x000001c721ada7d8, Size=4, Default__SKEL_BP_Player_C Function /Engine/Transient.REINST_SKEL_BP_Player_C_107:ExecuteUbergraph_BP_Player
[2018.09.04-18.32.39:418][357]LogUObjectGlobals: Created PersistentFrame Addr=0x000001c721adbdc8, Size=4, Default__SKEL_BP_Player_C Function /Game/Blueprints/BP_Player.SKEL_BP_Player_C:ExecuteUbergraph_BP_Player
[2018.09.04-18.33.47:493][395]BlueprintLog: New page: Compile BP_Player
[2018.09.04-18.33.47:499][395]LogUObjectGlobals: Destroyed PersistentFrame Addr=0x000001c721adbdc8, Size=4
[2018.09.04-18.33.47:499][395]LogUObjectGlobals: Created PersistentFrame Addr=0x000001c7224efc08, Size=4, Default__SKEL_BP_Player_C Function /Engine/Transient.REINST_SKEL_BP_Player_C_109:ExecuteUbergraph_BP_Player
[2018.09.04-18.33.47:886][395]LogUObjectGlobals: Created PersistentFrame Addr=0x000001c708a62f00, Size=248, Default__BP_Player_C Function /Game/Blueprints/BP_Player.BP_Player_C:ExecuteUbergraph_BP_Player
[2018.09.04-18.33.48:087][395]LogUObjectGlobals: Destroyed PersistentFrame Addr=0x000001c721ada7d8, Size=4
[2018.09.04-18.33.48:087][395]LogUObjectGlobals: Destroyed PersistentFrame Addr=0x000001c7224efc08, Size=4
[2018.09.04-18.33.48:087][395]LogUObjectGlobals: Destroyed PersistentFrame Addr=0x000001c68c6327b0, Size=4
[2018.09.04-18.33.48:087][395]LogUObjectGlobals: Destroyed PersistentFrame Addr=0x000001c72fe4d2c8, Size=4
[2018.09.04-18.34.07:221][647]LogSlate: FSceneViewport::OnFocusLost() reason 0
[2018.09.04-18.34.07:312][658]LogTemp: Repeating last play command: Selected Viewport
[2018.09.04-18.34.07:777][658]LogPlayLevel: PlayLevel: No blueprints needed recompiling
[2018.09.04-18.34.07:891][658]PIE: New page: PIE session: Main (Sep 4, 2018, 4:34:07 AM)
[2018.09.04-18.34.07:911][658]LogPlayLevel: Creating play world package: /Game/Maps/UEDPIE_0_Main
[2018.09.04-18.34.07:964][658]LogPlayLevel: PIE: StaticDuplicateObject took: (0.054145s)
[2018.09.04-18.34.07:965][658]LogAIModule: Creating AISystem for world Main
[2018.09.04-18.34.07:966][658]LogPlayLevel: PIE: World Init took: (0.001403s)
[2018.09.04-18.34.07:966][658]LogPlayLevel: PIE: Created PIE world by copying editor world from /Game/Maps/Main.Main to /Game/Maps/UEDPIE_0_Main.Main (0.056022s)
[2018.09.04-18.34.08:027][658]LogInit: XAudio2 using 'Focusrite USB (Focusrite USB Audio)' : 2 channels at 48 kHz using 16 bits per sample (channel mask 0x3)
[2018.09.04-18.34.08:034][658]LogInit: FAudioDevice initialized.
[2018.09.04-18.34.08:114][658]LogLoad: Game class is 'BP_GameMode_C'
[2018.09.04-18.34.08:292][658]LogWorld: Bringing World /Game/Maps/UEDPIE_0_Main.Main up for play (max tick rate 0) at 2018.09.04-11.34.08
[2018.09.04-18.34.08:428][658]LogWorld: Bringing up level for play took: 0.136695
[2018.09.04-18.34.08:637][658]LogContentBrowser: Native class hierarchy updated for 'MovieSceneCapture' in 0.0002 seconds. Added 11 classes and 0 folders.
[2018.09.04-18.34.08:720][658]LogBlueprintUserMessages: [BP_Player_518] X=0.000 Y=0.000 Z=0.000
[2018.09.04-18.34.08:730][658]LogBlueprintUserMessages: [BP_Player_518] X=740.000 Y=-20.000 Z=170.000
[2018.09.04-18.34.08:738][658]PIE: Play in editor start time for /Game/Maps/UEDPIE_0_Main 1.591
[2018.09.04-18.34.25:996][664]LogTemp: Repeating last play command: Selected Viewport
[2018.09.04-18.34.26:401][664]LogPlayLevel: PlayLevel: No blueprints needed recompiling
[2018.09.04-18.34.26:401][664]PIE: New page: PIE session: Main (Sep 4, 2018, 4:34:26 AM)
[2018.09.04-18.34.26:401][664]LogPlayLevel: Creating play world package: /Game/Maps/UEDPIE_0_Main
[2018.09.04-18.34.26:401][664]LogPlayLevel: PIE: StaticDuplicateObject took: (0.000545s)
[2018.09.04-18.34.26:402][664]LogAIModule: Creating AISystem for world Main
[2018.09.04-18.34.26:402][664]LogPlayLevel: PIE: World Init took: (0.000467s)
[2018.09.04-18.34.26:402][664]LogPlayLevel: PIE: Created PIE world by copying editor world from /Game/Maps/Main.Main to /Game/Maps/UEDPIE_0_Main.Main (0.001102s)
[2018.09.04-18.34.26:436][664]LogInit: XAudio2 using 'Focusrite USB (Focusrite USB Audio)' : 2 channels at 48 kHz using 16 bits per sample (channel mask 0x3)
[2018.09.04-18.34.26:441][664]LogInit: FAudioDevice initialized.
[2018.09.04-18.34.26:474][664]LogLoad: Game class is 'BP_GameMode_C'
[2018.09.04-18.34.26:475][664]LogWorld: Bringing World /Game/Maps/UEDPIE_0_Main.Main up for play (max tick rate 0) at 2018.09.04-11.34.26
[2018.09.04-18.34.26:476][664]LogWorld: Bringing up level for play took: 0.000419
[2018.09.04-18.34.26:476][664]LogBlueprintUserMessages: [BP_Player_518] X=0.000 Y=0.000 Z=0.000
[2018.09.04-18.34.26:476][664]LogBlueprintUserMessages: [BP_Player_518] X=740.000 Y=-20.000 Z=170.000
[2018.09.04-18.34.26:476][664]PIE: Play in editor start time for /Game/Maps/UEDPIE_0_Main -0.671
[2018.09.04-18.34.30:230][104]LogTemp: Repeating last play command: Selected Viewport
[2018.09.04-18.34.30:247][104]LogPlayLevel: PlayLevel: No blueprints needed recompiling
[2018.09.04-18.34.30:247][104]PIE: New page: PIE session: Main (Sep 4, 2018, 4:34:30 AM)
[2018.09.04-18.34.30:247][104]LogPlayLevel: Creating play world package: /Game/Maps/UEDPIE_0_Main
[2018.09.04-18.34.30:248][104]LogPlayLevel: PIE: StaticDuplicateObject took: (0.000581s)
[2018.09.04-18.34.30:248][104]LogAIModule: Creating AISystem for world Main
[2018.09.04-18.34.30:248][104]LogPlayLevel: PIE: World Init took: (0.000429s)
[2018.09.04-18.34.30:248][104]LogPlayLevel: PIE: Created PIE world by copying editor world from /Game/Maps/Main.Main to /Game/Maps/UEDPIE_0_Main.Main (0.001087s)
[2018.09.04-18.34.30:285][104]LogInit: XAudio2 using 'Focusrite USB (Focusrite USB Audio)' : 2 channels at 48 kHz using 16 bits per sample (channel mask 0x3)
[2018.09.04-18.34.30:290][104]LogInit: FAudioDevice initialized.
[2018.09.04-18.34.30:318][104]LogLoad: Game class is 'BP_GameMode_C'
[2018.09.04-18.34.30:319][104]LogWorld: Bringing World /Game/Maps/UEDPIE_0_Main.Main up for play (max tick rate 0) at 2018.09.04-11.34.30
[2018.09.04-18.34.30:319][104]LogWorld: Bringing up level for play took: 0.000388
[2018.09.04-18.34.30:320][104]LogBlueprintUserMessages: [BP_Player_518] X=0.000 Y=0.000 Z=0.000
[2018.09.04-18.34.30:320][104]LogBlueprintUserMessages: [BP_Player_518] X=740.000 Y=-20.000 Z=170.000
[2018.09.04-18.34.30:320][104]PIE: Play in editor start time for /Game/Maps/UEDPIE_0_Main -0.826
[2018.09.04-18.38.15:081][714]BlueprintLog: New page: Compile BP_Player
[2018.09.04-18.38.15:472][714]LogUObjectGlobals: Destroyed PersistentFrame Addr=0x000001c708a62f00, Size=248
[2018.09.04-18.38.15:473][714]LogUObjectGlobals: Created PersistentFrame Addr=0x000001c72254b700, Size=248, Default__BP_Player_C Function /Engine/Transient.REINST_BP_Player_C_115:ExecuteUbergraph_BP_Player
[2018.09.04-18.38.15:483][714]LogUObjectGlobals: Created PersistentFrame Addr=0x000001c7441725c0, Size=272, Default__BP_Player_C Function /Game/Blueprints/BP_Player.BP_Player_C:ExecuteUbergraph_BP_Player
[2018.09.04-18.38.48:739][659]LogSelectionDetails: Warning: NavigateToFunctionSource:  Unable to find symbols for 'AActor::K2_SetActorLocation' [Element not found.]
[2018.09.04-18.38.59:545][953]BlueprintLog: New page: Compile BP_Player
[2018.09.04-18.38.59:567][953]LogUObjectGlobals: Destroyed PersistentFrame Addr=0x000001c7441725c0, Size=272
[2018.09.04-18.38.59:567][953]LogUObjectGlobals: Created PersistentFrame Addr=0x000001c745e8ca40, Size=272, BP_Player_C_409 Function /Engine/Transient.REINST_BP_Player_C_119:ExecuteUbergraph_BP_Player
[2018.09.04-18.38.59:571][953]LogUObjectGlobals: Created PersistentFrame Addr=0x000001c745e8d580, Size=272, Default__BP_Player_C Function /Game/Blueprints/BP_Player.BP_Player_C:ExecuteUbergraph_BP_Player
[2018.09.04-18.38.59:835][953]LogUObjectGlobals: Destroyed PersistentFrame Addr=0x000001c72254b700, Size=248
[2018.09.04-18.39.06:737][750]LogEditorViewport: Clicking Background
[2018.09.04-18.39.07:604][807]LogEditorViewport: Clicking on Actor (LMB): BP_Player_C (BP_Player)
[2018.09.04-18.39.11:508][267]LogSlate: FSceneViewport::OnFocusLost() reason 0
[2018.09.04-18.39.20:017][235]Cmd: CAMERA ALIGN ACTIVEVIEWPORTONLY
[2018.09.04-18.39.24:353][739]LogSlate: FSceneViewport::OnFocusLost() reason 0
[2018.09.04-18.39.24:461][752]LogTemp: Repeating last play command: Selected Viewport
[2018.09.04-18.39.24:484][752]LogPlayLevel: PlayLevel: No blueprints needed recompiling
[2018.09.04-18.39.24:484][752]PIE: New page: PIE session: Main (Sep 4, 2018, 4:39:24 AM)
[2018.09.04-18.39.24:485][752]LogPlayLevel: Creating play world package: /Game/Maps/UEDPIE_0_Main
[2018.09.04-18.39.24:485][752]LogPlayLevel: PIE: StaticDuplicateObject took: (0.000556s)
[2018.09.04-18.39.24:486][752]LogAIModule: Creating AISystem for world Main
[2018.09.04-18.39.24:486][752]LogPlayLevel: PIE: World Init took: (0.000821s)
[2018.09.04-18.39.24:486][752]LogPlayLevel: PIE: Created PIE world by copying editor world from /Game/Maps/Main.Main to /Game/Maps/UEDPIE_0_Main.Main (0.001498s)
[2018.09.04-18.39.24:498][752]LogUObjectGlobals: Destroyed PersistentFrame Addr=0x000001c745e8ca40, Size=272
[2018.09.04-18.39.24:523][752]LogInit: XAudio2 using 'Focusrite USB (Focusrite USB Audio)' : 2 channels at 48 kHz using 16 bits per sample (channel mask 0x3)
[2018.09.04-18.39.24:528][752]LogInit: FAudioDevice initialized.
[2018.09.04-18.39.24:561][752]LogLoad: Game class is 'BP_GameMode_C'
[2018.09.04-18.39.24:562][752]LogWorld: Bringing World /Game/Maps/UEDPIE_0_Main.Main up for play (max tick rate 0) at 2018.09.04-11.39.24
[2018.09.04-18.39.24:562][752]LogWorld: Bringing up level for play took: 0.000440
[2018.09.04-18.39.24:563][752]PIE: Play in editor start time for /Game/Maps/UEDPIE_0_Main -0.584
[2018.09.04-18.39.31:553][574]LogTemp: Repeating last play command: Selected Viewport
[2018.09.04-18.39.31:570][574]LogPlayLevel: PlayLevel: No blueprints needed recompiling
[2018.09.04-18.39.31:570][574]PIE: New page: PIE session: Main (Sep 4, 2018, 4:39:31 AM)
[2018.09.04-18.39.31:570][574]LogPlayLevel: Creating play world package: /Game/Maps/UEDPIE_0_Main
[2018.09.04-18.39.31:571][574]LogPlayLevel: PIE: StaticDuplicateObject took: (0.000539s)
[2018.09.04-18.39.31:571][574]LogAIModule: Creating AISystem for world Main
[2018.09.04-18.39.31:571][574]LogPlayLevel: PIE: World Init took: (0.000439s)
[2018.09.04-18.39.31:571][574]LogPlayLevel: PIE: Created PIE world by copying editor world from /Game/Maps/Main.Main to /Game/Maps/UEDPIE_0_Main.Main (0.001058s)
[2018.09.04-18.39.31:606][574]LogInit: XAudio2 using 'Focusrite USB (Focusrite USB Audio)' : 2 channels at 48 kHz using 16 bits per sample (channel mask 0x3)
[2018.09.04-18.39.31:611][574]LogInit: FAudioDevice initialized.
[2018.09.04-18.39.31:645][574]LogLoad: Game class is 'BP_GameMode_C'
[2018.09.04-18.39.31:646][574]LogWorld: Bringing World /Game/Maps/UEDPIE_0_Main.Main up for play (max tick rate 0) at 2018.09.04-11.39.31
[2018.09.04-18.39.31:647][574]LogWorld: Bringing up level for play took: 0.000466
[2018.09.04-18.39.31:648][574]PIE: Play in editor start time for /Game/Maps/UEDPIE_0_Main 0.501
[2018.09.04-18.39.34:258][880]LogTemp: Repeating last play command: Selected Viewport
[2018.09.04-18.39.34:275][880]LogPlayLevel: PlayLevel: No blueprints needed recompiling
[2018.09.04-18.39.34:275][880]PIE: New page: PIE session: Main (Sep 4, 2018, 4:39:34 AM)
[2018.09.04-18.39.34:275][880]LogPlayLevel: Creating play world package: /Game/Maps/UEDPIE_0_Main
[2018.09.04-18.39.34:275][880]LogPlayLevel: PIE: StaticDuplicateObject took: (0.000515s)
[2018.09.04-18.39.34:276][880]LogAIModule: Creating AISystem for world Main
[2018.09.04-18.39.34:276][880]LogPlayLevel: PIE: World Init took: (0.000555s)
[2018.09.04-18.39.34:276][880]LogPlayLevel: PIE: Created PIE world by copying editor world from /Game/Maps/Main.Main to /Game/Maps/UEDPIE_0_Main.Main (0.001146s)
[2018.09.04-18.39.34:311][880]LogInit: XAudio2 using 'Focusrite USB (Focusrite USB Audio)' : 2 channels at 48 kHz using 16 bits per sample (channel mask 0x3)
[2018.09.04-18.39.34:316][880]LogInit: FAudioDevice initialized.
[2018.09.04-18.39.34:347][880]LogLoad: Game class is 'BP_GameMode_C'
[2018.09.04-18.39.34:348][880]LogWorld: Bringing World /Game/Maps/UEDPIE_0_Main.Main up for play (max tick rate 0) at 2018.09.04-11.39.34
[2018.09.04-18.39.34:348][880]LogWorld: Bringing up level for play took: 0.000401
[2018.09.04-18.39.34:349][880]PIE: Play in editor start time for /Game/Maps/UEDPIE_0_Main -0.798
[2018.09.04-18.40.31:397][201]Cmd: OBJ SAVEPACKAGE PACKAGE="/Game/Maps/Main" FILE="C:/Users/Hesi/Documents/Unreal Projects/my_shmup_Hesi/Saved/Autosaves/Game/Maps/Main_Auto2.umap" SILENT=true AUTOSAVING=true KEEPDIRTY=false
[2018.09.04-18.40.31:411][201]LogSavePackage: Save=11.09ms
[2018.09.04-18.40.31:411][201]LogSavePackage: Moving 'C:/Users/Hesi/Documents/Unreal Projects/my_shmup_Hesi/Saved/Main_Auto22B5734464389F0FD9E95A1B7BD8D722E.tmp' to 'C:/Users/Hesi/Documents/Unreal Projects/my_shmup_Hesi/Saved/Autosaves/Game/Maps/Main_Auto2.umap'
[2018.09.04-18.40.31:412][201]LogSavePackage: Display: Finished SavePackage C:/Users/Hesi/Documents/Unreal Projects/my_shmup_Hesi/Saved/Autosaves/Game/Maps/Main_Auto2.umap
[2018.09.04-18.40.31:414][201]LogFileHelpers: Editor autosave (incl. sublevels) for '/Game/Maps/Main' took 0.031
[2018.09.04-18.40.31:414][201]LogFileHelpers: Editor autosave (incl. sublevels) for all levels took 0.031
[2018.09.04-18.40.31:416][201]OBJ SavePackage: Generating thumbnails for [1] asset(s) in package [/Game/Blueprints/BP_Player] ([1] browsable assets)...
[2018.09.04-18.40.31:428][201]OBJ SavePackage:     Rendered thumbnail for [Blueprint /Game/Blueprints/BP_Player.BP_Player]
[2018.09.04-18.40.31:428][201]OBJ SavePackage: Finished generating thumbnails for package [/Game/Blueprints/BP_Player]
[2018.09.04-18.40.31:429][201]Cmd: OBJ SAVEPACKAGE PACKAGE="/Game/Blueprints/BP_Player" FILE="C:/Users/Hesi/Documents/Unreal Projects/my_shmup_Hesi/Saved/Autosaves/Game/Blueprints/BP_Player_Auto2.uasset" SILENT=false AUTOSAVING=true
[2018.09.04-18.40.31:468][201]LogSavePackage: Save=33.33ms
[2018.09.04-18.40.31:468][201]LogSavePackage: Moving 'C:/Users/Hesi/Documents/Unreal Projects/my_shmup_Hesi/Saved/BP_Player_Auto2034F73F64272CF62FB5CF9834F605B75.tmp' to 'C:/Users/Hesi/Documents/Unreal Projects/my_shmup_Hesi/Saved/Autosaves/Game/Blueprints/BP_Player_Auto2.uasset'
[2018.09.04-18.40.31:469][201]LogSavePackage: Display: Finished SavePackage C:/Users/Hesi/Documents/Unreal Projects/my_shmup_Hesi/Saved/Autosaves/Game/Blueprints/BP_Player_Auto2.uasset
[2018.09.04-18.40.31:469][201]LogFileHelpers: Auto-saving content packages took 0.054
[2018.09.04-18.40.56:667][794]LogUObjectGlobals: Created PersistentFrame Addr=0x000001c7223905c0, Size=4, Default__SKEL_BP_Player_C Function /Game/Blueprints/BP_Player.SKEL_BP_Player_C:ExecuteUbergraph_BP_Player
[2018.09.04-18.41.10:147][354]LogUObjectGlobals: Destroyed PersistentFrame Addr=0x000001c7223905c0, Size=4
[2018.09.04-18.41.10:147][354]LogUObjectGlobals: Created PersistentFrame Addr=0x000001c7219cbf40, Size=4, Default__SKEL_BP_Player_C Function /Engine/Transient.REINST_SKEL_BP_Player_C_123:ExecuteUbergraph_BP_Player
[2018.09.04-18.41.10:150][354]LogUObjectGlobals: Created PersistentFrame Addr=0x000001c7219cb810, Size=4, Default__SKEL_BP_Player_C Function /Game/Blueprints/BP_Player.SKEL_BP_Player_C:ExecuteUbergraph_BP_Player
[2018.09.04-18.41.14:945][918]BlueprintLog: New page: Compile BP_Player
[2018.09.04-18.41.14:951][918]LogUObjectGlobals: Destroyed PersistentFrame Addr=0x000001c7219cb810, Size=4
[2018.09.04-18.41.14:951][918]LogUObjectGlobals: Created PersistentFrame Addr=0x000001c68c6334d0, Size=4, Default__SKEL_BP_Player_C Function /Engine/Transient.REINST_SKEL_BP_Player_C_125:ExecuteUbergraph_BP_Player
[2018.09.04-18.41.14:957][918]LogUObjectGlobals: Destroyed PersistentFrame Addr=0x000001c745e8d580, Size=272
[2018.09.04-18.41.14:957][918]LogUObjectGlobals: Created PersistentFrame Addr=0x000001c73ac3fb00, Size=272, Default__BP_Player_C Function /Engine/Transient.REINST_BP_Player_C_127:ExecuteUbergraph_BP_Player
[2018.09.04-18.41.14:960][918]LogUObjectGlobals: Created PersistentFrame Addr=0x000001c73ac3fd80, Size=272, Default__BP_Player_C Function /Game/Blueprints/BP_Player.BP_Player_C:ExecuteUbergraph_BP_Player
[2018.09.04-18.41.15:220][918]LogUObjectGlobals: Destroyed PersistentFrame Addr=0x000001c7219cbf40, Size=4
[2018.09.04-18.41.15:220][918]LogUObjectGlobals: Destroyed PersistentFrame Addr=0x000001c68c6334d0, Size=4
[2018.09.04-18.41.48:369][869]BlueprintLog: New page: Compile BP_Player
[2018.09.04-18.41.48:382][869]LogUObjectGlobals: Destroyed PersistentFrame Addr=0x000001c73ac3fd80, Size=272
[2018.09.04-18.41.48:382][869]LogUObjectGlobals: Created PersistentFrame Addr=0x000001c745e8e840, Size=272, BP_Player_C_464 Function /Engine/Transient.REINST_BP_Player_C_131:ExecuteUbergraph_BP_Player
[2018.09.04-18.41.48:384][869]LogUObjectGlobals: Created PersistentFrame Addr=0x000001c745e8f9c0, Size=272, Default__BP_Player_C Function /Game/Blueprints/BP_Player.BP_Player_C:ExecuteUbergraph_BP_Player
[2018.09.04-18.41.48:637][869]LogUObjectGlobals: Destroyed PersistentFrame Addr=0x000001c73ac3fb00, Size=272
[2018.09.04-18.42.14:002][876]LogSlate: FSceneViewport::OnFocusLost() reason 0
[2018.09.04-18.42.14:111][889]LogTemp: Repeating last play command: Selected Viewport
[2018.09.04-18.42.14:134][889]LogPlayLevel: PlayLevel: No blueprints needed recompiling
[2018.09.04-18.42.14:135][889]PIE: New page: PIE session: Main (Sep 4, 2018, 4:42:14 AM)
[2018.09.04-18.42.14:135][889]LogPlayLevel: Creating play world package: /Game/Maps/UEDPIE_0_Main
[2018.09.04-18.42.14:135][889]LogPlayLevel: PIE: StaticDuplicateObject took: (0.000533s)
[2018.09.04-18.42.14:136][889]LogAIModule: Creating AISystem for world Main
[2018.09.04-18.42.14:136][889]LogPlayLevel: PIE: World Init took: (0.000485s)
[2018.09.04-18.42.14:136][889]LogPlayLevel: PIE: Created PIE world by copying editor world from /Game/Maps/Main.Main to /Game/Maps/UEDPIE_0_Main.Main (0.001103s)
[2018.09.04-18.42.14:175][889]LogInit: XAudio2 using 'Focusrite USB (Focusrite USB Audio)' : 2 channels at 48 kHz using 16 bits per sample (channel mask 0x3)
[2018.09.04-18.42.14:182][889]LogInit: FAudioDevice initialized.
[2018.09.04-18.42.14:218][889]LogLoad: Game class is 'BP_GameMode_C'
[2018.09.04-18.42.14:220][889]LogWorld: Bringing World /Game/Maps/UEDPIE_0_Main.Main up for play (max tick rate 0) at 2018.09.04-11.42.14
[2018.09.04-18.42.14:220][889]LogWorld: Bringing up level for play took: 0.000690
[2018.09.04-18.42.14:221][889]PIE: Play in editor start time for /Game/Maps/UEDPIE_0_Main 1.074
[2018.09.04-18.42.16:640][172]LogTemp: Repeating last play command: Selected Viewport
[2018.09.04-18.42.16:658][172]LogPlayLevel: PlayLevel: No blueprints needed recompiling
[2018.09.04-18.42.16:658][172]PIE: New page: PIE session: Main (Sep 4, 2018, 4:42:16 AM)
[2018.09.04-18.42.16:658][172]LogPlayLevel: Creating play world package: /Game/Maps/UEDPIE_0_Main
[2018.09.04-18.42.16:659][172]LogPlayLevel: PIE: StaticDuplicateObject took: (0.000653s)
[2018.09.04-18.42.16:659][172]LogAIModule: Creating AISystem for world Main
[2018.09.04-18.42.16:659][172]LogPlayLevel: PIE: World Init took: (0.000481s)
[2018.09.04-18.42.16:660][172]LogPlayLevel: PIE: Created PIE world by copying editor world from /Game/Maps/Main.Main to /Game/Maps/UEDPIE_0_Main.Main (0.001271s)
[2018.09.04-18.42.16:696][172]LogInit: XAudio2 using 'Focusrite USB (Focusrite USB Audio)' : 2 channels at 48 kHz using 16 bits per sample (channel mask 0x3)
[2018.09.04-18.42.16:701][172]LogInit: FAudioDevice initialized.
[2018.09.04-18.42.16:734][172]LogLoad: Game class is 'BP_GameMode_C'
[2018.09.04-18.42.16:735][172]LogWorld: Bringing World /Game/Maps/UEDPIE_0_Main.Main up for play (max tick rate 0) at 2018.09.04-11.42.16
[2018.09.04-18.42.16:736][172]LogWorld: Bringing up level for play took: 0.000455
[2018.09.04-18.42.16:736][172]PIE: Play in editor start time for /Game/Maps/UEDPIE_0_Main -0.41
[2018.09.04-18.42.36:239][545]LogUObjectGlobals: Created PersistentFrame Addr=0x000001c7219cac10, Size=4, Default__SKEL_BP_Player_C Function /Game/Blueprints/BP_Player.SKEL_BP_Player_C:ExecuteUbergraph_BP_Player
[2018.09.04-18.43.42:370][584]LogTemp: Repeating last play command: Selected Viewport
[2018.09.04-18.43.42:387][584]BlueprintLog: New page: Pre-Play auto-recompile
[2018.09.04-18.43.42:393][584]LogUObjectGlobals: Destroyed PersistentFrame Addr=0x000001c7219cac10, Size=4
[2018.09.04-18.43.42:393][584]LogUObjectGlobals: Created PersistentFrame Addr=0x000001c68c633cc0, Size=4, Default__SKEL_BP_Player_C Function /Engine/Transient.REINST_SKEL_BP_Player_C_135:ExecuteUbergraph_BP_Player
[2018.09.04-18.43.42:394][584]LogPlayLevel: [PlayLevel] Compiling BP_Player before play...
[2018.09.04-18.43.42:399][584]LogUObjectGlobals: Destroyed PersistentFrame Addr=0x000001c745e8f9c0, Size=272
[2018.09.04-18.43.42:399][584]LogUObjectGlobals: Created PersistentFrame Addr=0x000001c6a0268400, Size=272, Default__BP_Player_C Function /Engine/Transient.REINST_BP_Player_C_137:ExecuteUbergraph_BP_Player
[2018.09.04-18.43.42:402][584]LogUObjectGlobals: Created PersistentFrame Addr=0x000001c6a026a0c0, Size=272, Default__BP_Player_C Function /Game/Blueprints/BP_Player.BP_Player_C:ExecuteUbergraph_BP_Player
[2018.09.04-18.43.42:670][584]LogUObjectGlobals: Destroyed PersistentFrame Addr=0x000001c6a0268400, Size=272
[2018.09.04-18.43.42:670][584]LogUObjectGlobals: Destroyed PersistentFrame Addr=0x000001c68c633cc0, Size=4
[2018.09.04-18.43.42:671][584]LogPlayLevel: PlayLevel: Blueprint regeneration took 284 ms (1 blueprints)
[2018.09.04-18.43.42:671][584]PIE: New page: PIE session: Main (Sep 4, 2018, 4:43:42 AM)
[2018.09.04-18.43.42:671][584]LogPlayLevel: Creating play world package: /Game/Maps/UEDPIE_0_Main
[2018.09.04-18.43.42:672][584]LogPlayLevel: PIE: StaticDuplicateObject took: (0.000657s)
[2018.09.04-18.43.42:672][584]LogAIModule: Creating AISystem for world Main
[2018.09.04-18.43.42:673][584]LogPlayLevel: PIE: World Init took: (0.000605s)
[2018.09.04-18.43.42:673][584]LogPlayLevel: PIE: Created PIE world by copying editor world from /Game/Maps/Main.Main to /Game/Maps/UEDPIE_0_Main.Main (0.001360s)
[2018.09.04-18.43.42:711][584]LogInit: XAudio2 using 'Focusrite USB (Focusrite USB Audio)' : 2 channels at 48 kHz using 16 bits per sample (channel mask 0x3)
[2018.09.04-18.43.42:716][584]LogInit: FAudioDevice initialized.
[2018.09.04-18.43.42:755][584]LogLoad: Game class is 'BP_GameMode_C'
[2018.09.04-18.43.42:758][584]LogWorld: Bringing World /Game/Maps/UEDPIE_0_Main.Main up for play (max tick rate 0) at 2018.09.04-11.43.42
[2018.09.04-18.43.42:759][584]LogWorld: Bringing up level for play took: 0.001504
[2018.09.04-18.43.42:762][584]PIE: Play in editor start time for /Game/Maps/UEDPIE_0_Main -0.385
[2018.09.04-18.43.44:964][840]LogTemp: Repeating last play command: Selected Viewport
[2018.09.04-18.43.44:982][840]LogPlayLevel: PlayLevel: No blueprints needed recompiling
[2018.09.04-18.43.44:982][840]PIE: New page: PIE session: Main (Sep 4, 2018, 4:43:44 AM)
[2018.09.04-18.43.44:983][840]LogPlayLevel: Creating play world package: /Game/Maps/UEDPIE_0_Main
[2018.09.04-18.43.44:983][840]LogPlayLevel: PIE: StaticDuplicateObject took: (0.000493s)
[2018.09.04-18.43.44:983][840]LogAIModule: Creating AISystem for world Main
[2018.09.04-18.43.44:984][840]LogPlayLevel: PIE: World Init took: (0.000524s)
[2018.09.04-18.43.44:984][840]LogPlayLevel: PIE: Created PIE world by copying editor world from /Game/Maps/Main.Main to /Game/Maps/UEDPIE_0_Main.Main (0.001124s)
[2018.09.04-18.43.45:018][840]LogInit: XAudio2 using 'Focusrite USB (Focusrite USB Audio)' : 2 channels at 48 kHz using 16 bits per sample (channel mask 0x3)
[2018.09.04-18.43.45:024][840]LogInit: FAudioDevice initialized.
[2018.09.04-18.43.45:055][840]LogLoad: Game class is 'BP_GameMode_C'
[2018.09.04-18.43.45:056][840]LogWorld: Bringing World /Game/Maps/UEDPIE_0_Main.Main up for play (max tick rate 0) at 2018.09.04-11.43.45
[2018.09.04-18.43.45:056][840]LogWorld: Bringing up level for play took: 0.000405
[2018.09.04-18.43.45:057][840]PIE: Play in editor start time for /Game/Maps/UEDPIE_0_Main -0.09
[2018.09.04-18.43.47:091][ 77]LogTemp: Repeating last play command: Selected Viewport
[2018.09.04-18.43.47:107][ 77]LogPlayLevel: PlayLevel: No blueprints needed recompiling
[2018.09.04-18.43.47:108][ 77]PIE: New page: PIE session: Main (Sep 4, 2018, 4:43:47 AM)
[2018.09.04-18.43.47:108][ 77]LogPlayLevel: Creating play world package: /Game/Maps/UEDPIE_0_Main
[2018.09.04-18.43.47:108][ 77]LogPlayLevel: PIE: StaticDuplicateObject took: (0.000679s)
[2018.09.04-18.43.47:109][ 77]LogAIModule: Creating AISystem for world Main
[2018.09.04-18.43.47:109][ 77]LogPlayLevel: PIE: World Init took: (0.000460s)
[2018.09.04-18.43.47:109][ 77]LogPlayLevel: PIE: Created PIE world by copying editor world from /Game/Maps/Main.Main to /Game/Maps/UEDPIE_0_Main.Main (0.001268s)
[2018.09.04-18.43.47:143][ 77]LogInit: XAudio2 using 'Focusrite USB (Focusrite USB Audio)' : 2 channels at 48 kHz using 16 bits per sample (channel mask 0x3)
[2018.09.04-18.43.47:149][ 77]LogInit: FAudioDevice initialized.
[2018.09.04-18.43.47:183][ 77]LogLoad: Game class is 'BP_GameMode_C'
[2018.09.04-18.43.47:184][ 77]LogWorld: Bringing World /Game/Maps/UEDPIE_0_Main.Main up for play (max tick rate 0) at 2018.09.04-11.43.47
[2018.09.04-18.43.47:185][ 77]LogWorld: Bringing up level for play took: 0.000428
[2018.09.04-18.43.47:186][ 77]PIE: Play in editor start time for /Game/Maps/UEDPIE_0_Main 0.039
[2018.09.04-18.44.51:063][432]Cmd: OBJ SAVEPACKAGE PACKAGE="/Game/Maps/Main" FILE="C:/Users/Hesi/Documents/Unreal Projects/my_shmup_Hesi/Content/Maps/Main.umap" SILENT=true AUTOSAVING=false KEEPDIRTY=false
[2018.09.04-18.44.51:088][432]LogSavePackage: Save=9.96ms
[2018.09.04-18.44.51:088][432]LogSavePackage: Moving 'C:/Users/Hesi/Documents/Unreal Projects/my_shmup_Hesi/Saved/Main4747176840C908595A2A1D9231C94A9F.tmp' to 'C:/Users/Hesi/Documents/Unreal Projects/my_shmup_Hesi/Content/Maps/Main.umap'
[2018.09.04-18.44.51:094][432]LogSavePackage: Display: Finished SavePackage C:/Users/Hesi/Documents/Unreal Projects/my_shmup_Hesi/Content/Maps/Main.umap
[2018.09.04-18.44.51:123][432]LogFileHelpers: Saving map 'Main' took 0.100
[2018.09.04-18.44.51:136][432]Cmd: OBJ SAVEPACKAGE PACKAGE="/Game/Blueprints/BP_Player" FILE="C:/Users/Hesi/Documents/Unreal Projects/my_shmup_Hesi/Content/Blueprints/BP_Player.uasset" SILENT=true
[2018.09.04-18.44.51:177][432]LogSavePackage: Save=37.83ms
[2018.09.04-18.44.51:177][432]LogSavePackage: Moving 'C:/Users/Hesi/Documents/Unreal Projects/my_shmup_Hesi/Saved/BP_Player40D6AA5A490BE7592275D6A8C894EA67.tmp' to 'C:/Users/Hesi/Documents/Unreal Projects/my_shmup_Hesi/Content/Blueprints/BP_Player.uasset'
[2018.09.04-18.44.51:179][432]LogSavePackage: Display: Finished SavePackage C:/Users/Hesi/Documents/Unreal Projects/my_shmup_Hesi/Content/Blueprints/BP_Player.uasset
